<?xml version="1.0" encoding="UTF-8"?>
<testsuite xmlns:xsi="http://www.w3.org/2001/XMLSchema-instance" xsi:noNamespaceSchemaLocation="https://maven.apache.org/surefire/maven-failsafe-plugin/xsd/failsafe-test-report-3.0.xsd" version="3.0" name="CucumberTestSuite" time="23.871" tests="1" errors="0" skipped="0" failures="0">
  <properties>
[...]
</properties>
  <testcase name="As a user I can&apos;t login to demo" classname="Login" time="20.919">
    <system-out><![CDATA[19:33:26.981 [main] INFO io.cucumber.core.plugin.SerenityReporter - Running feature from file:///home/aldidi/Documents/bootcampQA/qe_aldy-mochamad-heryana/20_WEB-UI-Testing/src/test/resources/features/login.feature
19:33:27.315 [main] INFO  - 

-------------------------------------------------------------------------------------
     _______. _______ .______       _______ .__   __.  __  .___________.____    ____ 
    /       ||   ____||   _  \     |   ____||  \ |  | |  | |           |\   \  /   / 
   |   (----`|  |__   |  |_)  |    |  |__   |   \|  | |  | `---|  |----` \   \/   /  
    \   \    |   __|  |      /     |   __|  |  . `  | |  |     |  |       \_    _/   
.----)   |   |  |____ |  |\  \----.|  |____ |  |\   | |  |     |  |         |  |     
|_______/    |_______|| _| `._____||_______||__| \__| |__|     |__|         |__|    
                                                                                     
 News and tutorials at http://www.serenity-bdd.info                                  
 Documentation at https://wakaleo.gitbooks.io/the-serenity-book/content/             
 Join the Serenity Community on Gitter: https://gitter.im/serenity-bdd/serenity-core 
 Serenity BDD Support and Training at http://serenity-bdd.info/#/trainingandsupport  
-------------------------------------------------------------------------------------

19:33:27.319 [main] DEBUG net.thucydides.core.steps.StepEventBus - Test suite started for story net.thucydides.core.model.Story@f388ff28
19:33:27.382 [main] INFO  - Test Suite Started: Login
19:33:27.408 [main] INFO io.cucumber.core.plugin.SerenityReporter - Running feature from file:///home/aldidi/Documents/bootcampQA/qe_aldy-mochamad-heryana/20_WEB-UI-Testing/src/test/resources/features/login.feature
19:33:27.411 [main] DEBUG net.thucydides.core.steps.StepEventBus - Test suite started for story net.thucydides.core.model.Story@f388ff28
19:33:27.412 [main] INFO  - Test Suite Started: Login

@LoginFailed
Scenario: As a user I can't login to demo &amp#27;[90m# src/test/resources/features/login.feature:16&amp#27;[0m
19:33:27.581 [main] INFO io.cucumber.core.plugin.SerenityReporter - Running feature from file:///home/aldidi/Documents/bootcampQA/qe_aldy-mochamad-heryana/20_WEB-UI-Testing/src/test/resources/features/login.feature
19:33:27.762 [main] INFO  - 
  _____   ___   ___   _____     ___   _____     _     ___   _____   ___   ___  
 |_   _| | __| / __| |_   _|   / __| |_   _|   /_\   | _ \ |_   _| | __| |   \ 
   | |   | _|  \__ \   | |     \__ \   | |    / _ \  |   /   | |   | _|  | |) |
   |_|   |___| |___/   |_|     |___/   |_|   /_/ \_\ |_|_\   |_|   |___| |___/ 

As a user I can't login to demo(login;as-a-user-i-can-t-login-to-demo)
--------------------------------------------------------------------------------
19:33:29.512 [main] DEBUG net.thucydides.core.steps.StepInterceptor - STARTING STEP: LoginSteps.iAmOnTheHomepage - openUrl
19:33:29.612 [main] INFO net.serenitybdd.core.webdriver.driverproviders.ChromeDriverProvider - Using automatically driver download
19:33:30.853 [main] DEBUG io.github.bonigarcia.wdm.cache.ResolutionCache - Resolution chrome=99 in cache (valid until 20:11:22 29/03/2022 WIB)
19:33:30.868 [main] DEBUG io.github.bonigarcia.wdm.cache.ResolutionCache - Resolution chrome99=99.0.4844.51 in cache (valid until 19:11:22 30/03/2022 WIB)
19:33:30.872 [main] INFO io.github.bonigarcia.wdm.WebDriverManager - Using chromedriver 99.0.4844.51 (resolved driver for Chrome 99)
19:33:30.921 [main] DEBUG io.github.bonigarcia.wdm.WebDriverManager - Driver chromedriver 99.0.4844.51 found in cache
19:33:30.925 [main] INFO io.github.bonigarcia.wdm.WebDriverManager - Exporting webdriver.chrome.driver as /home/aldidi/.cache/selenium/chromedriver/linux64/99.0.4844.51/chromedriver
19:33:31.172 [main] DEBUG net.thucydides.core.reflection.ClassFinder - Could not load class .CucumberTestSuite
19:33:31.173 [main] DEBUG net.thucydides.core.reflection.ClassFinder - Could not load class .demoQa.pages.HomePage
19:33:31.174 [main] DEBUG net.thucydides.core.reflection.ClassFinder - Could not load class .demoQa.pages.LoginPage
19:33:31.175 [main] DEBUG net.thucydides.core.reflection.ClassFinder - Could not load class .demoQa.pages.RegisterPage
19:33:31.177 [main] DEBUG net.thucydides.core.reflection.ClassFinder - Could not load class .demoQa.stepsDefinition.LoginSteps
19:33:31.383 [main] DEBUG net.serenitybdd.core.webdriver.driverproviders.ProvideNewDriver - Instantiating driver
19:33:31.383 [main] DEBUG net.serenitybdd.core.webdriver.driverproviders.ProvideNewDriver - Driver capabilities: Capabilities {acceptInsecureCerts: false, base.url: https://demoqa.com/, browserName: chrome, chrome.driver: src/test/resources/web-driv..., driver: chrome, goog:chromeOptions: {args: [], extensions: []}}
19:33:31.566 [main] DEBUG io.netty.util.internal.logging.InternalLoggerFactory - Using SLF4J as the default logging framework
19:33:31.569 [main] DEBUG io.netty.util.ResourceLeakDetector - -Dio.netty.leakDetection.level: simple
19:33:31.570 [main] DEBUG io.netty.util.ResourceLeakDetector - -Dio.netty.leakDetection.targetRecords: 4
19:33:31.578 [main] DEBUG io.netty.util.ResourceLeakDetectorFactory - Loaded default ResourceLeakDetector: io.netty.util.ResourceLeakDetector@5e9bbd9d
19:33:31.602 [main] DEBUG io.netty.util.internal.PlatformDependent0 - -Dio.netty.noUnsafe: false
19:33:31.602 [main] DEBUG io.netty.util.internal.PlatformDependent0 - Java version: 8
19:33:31.603 [main] DEBUG io.netty.util.internal.PlatformDependent0 - sun.misc.Unsafe.theUnsafe: available
19:33:31.604 [main] DEBUG io.netty.util.internal.PlatformDependent0 - sun.misc.Unsafe.copyMemory: available
19:33:31.605 [main] DEBUG io.netty.util.internal.PlatformDependent0 - java.nio.Buffer.address: available
19:33:31.606 [main] DEBUG io.netty.util.internal.PlatformDependent0 - direct buffer constructor: available
19:33:31.607 [main] DEBUG io.netty.util.internal.PlatformDependent0 - java.nio.Bits.unaligned: available, true
19:33:31.608 [main] DEBUG io.netty.util.internal.PlatformDependent0 - jdk.internal.misc.Unsafe.allocateUninitializedArray(int): unavailable prior to Java9
19:33:31.608 [main] DEBUG io.netty.util.internal.PlatformDependent0 - java.nio.DirectByteBuffer.<init>(long, int): available
19:33:31.608 [main] DEBUG io.netty.util.internal.PlatformDependent - sun.misc.Unsafe: available
19:33:31.609 [main] DEBUG io.netty.util.internal.PlatformDependent - -Dio.netty.tmpdir: /tmp (java.io.tmpdir)
19:33:31.609 [main] DEBUG io.netty.util.internal.PlatformDependent - -Dio.netty.bitMode: 64 (sun.arch.data.model)
19:33:31.611 [main] DEBUG io.netty.util.internal.PlatformDependent - -Dio.netty.maxDirectMemory: 1720713216 bytes
19:33:31.611 [main] DEBUG io.netty.util.internal.PlatformDependent - -Dio.netty.uninitializedArrayAllocationThreshold: -1
19:33:31.613 [main] DEBUG io.netty.util.internal.CleanerJava6 - java.nio.ByteBuffer.cleaner(): available
19:33:31.613 [main] DEBUG io.netty.util.internal.PlatformDependent - -Dio.netty.noPreferDirect: false
19:33:31.630 [main] DEBUG io.netty.util.internal.PlatformDependent - org.jctools-core.MpscChunkedArrayQueue: available
19:33:31.669 [main] DEBUG io.netty.util.internal.InternalThreadLocalMap - -Dio.netty.threadLocalMap.stringBuilder.initialSize: 1024
19:33:31.670 [main] DEBUG io.netty.util.internal.InternalThreadLocalMap - -Dio.netty.threadLocalMap.stringBuilder.maxSize: 4096
19:33:31.704 [main] DEBUG io.netty.handler.ssl.JdkSslContext - Default protocols (JDK): [TLSv1.2] 
19:33:31.704 [main] DEBUG io.netty.handler.ssl.JdkSslContext - Default cipher suites (JDK): [TLS_ECDHE_ECDSA_WITH_AES_256_GCM_SHA384, TLS_ECDHE_ECDSA_WITH_AES_128_GCM_SHA256, TLS_ECDHE_RSA_WITH_AES_128_GCM_SHA256, TLS_ECDHE_RSA_WITH_AES_256_GCM_SHA384, TLS_ECDHE_RSA_WITH_AES_128_CBC_SHA, TLS_ECDHE_RSA_WITH_AES_256_CBC_SHA, TLS_RSA_WITH_AES_128_GCM_SHA256, TLS_RSA_WITH_AES_128_CBC_SHA, TLS_RSA_WITH_AES_256_CBC_SHA, TLS_AES_128_GCM_SHA256, TLS_AES_256_GCM_SHA384]
19:33:31.761 [main] DEBUG io.netty.channel.MultithreadEventLoopGroup - -Dio.netty.eventLoopThreads: 8
19:33:31.782 [main] DEBUG io.netty.channel.nio.NioEventLoop - -Dio.netty.noKeySetOptimization: false
19:33:31.783 [main] DEBUG io.netty.channel.nio.NioEventLoop - -Dio.netty.selectorAutoRebuildThreshold: 512
19:33:31.839 [main] DEBUG io.netty.buffer.PooledByteBufAllocator - -Dio.netty.allocator.numHeapArenas: 8
19:33:31.840 [main] DEBUG io.netty.buffer.PooledByteBufAllocator - -Dio.netty.allocator.numDirectArenas: 8
19:33:31.840 [main] DEBUG io.netty.buffer.PooledByteBufAllocator - -Dio.netty.allocator.pageSize: 8192
19:33:31.840 [main] DEBUG io.netty.buffer.PooledByteBufAllocator - -Dio.netty.allocator.maxOrder: 11
19:33:31.840 [main] DEBUG io.netty.buffer.PooledByteBufAllocator - -Dio.netty.allocator.chunkSize: 16777216
19:33:31.840 [main] DEBUG io.netty.buffer.PooledByteBufAllocator - -Dio.netty.allocator.smallCacheSize: 256
19:33:31.840 [main] DEBUG io.netty.buffer.PooledByteBufAllocator - -Dio.netty.allocator.normalCacheSize: 64
19:33:31.840 [main] DEBUG io.netty.buffer.PooledByteBufAllocator - -Dio.netty.allocator.maxCachedBufferCapacity: 32768
19:33:31.840 [main] DEBUG io.netty.buffer.PooledByteBufAllocator - -Dio.netty.allocator.cacheTrimInterval: 8192
19:33:31.840 [main] DEBUG io.netty.buffer.PooledByteBufAllocator - -Dio.netty.allocator.cacheTrimIntervalMillis: 0
19:33:31.840 [main] DEBUG io.netty.buffer.PooledByteBufAllocator - -Dio.netty.allocator.useCacheForAllThreads: true
19:33:31.840 [main] DEBUG io.netty.buffer.PooledByteBufAllocator - -Dio.netty.allocator.maxCachedByteBuffersPerChunk: 1023
19:33:31.855 [main] DEBUG io.netty.buffer.ByteBufUtil - -Dio.netty.allocator.type: pooled
19:33:31.855 [main] DEBUG io.netty.buffer.ByteBufUtil - -Dio.netty.threadLocalDirectBufferSize: 0
19:33:31.856 [main] DEBUG io.netty.buffer.ByteBufUtil - -Dio.netty.maxThreadLocalCharBufferSize: 16384
19:33:32.435 [Forwarding newSession on session null to remote] DEBUG io.netty.channel.DefaultChannelId - -Dio.netty.processId: 13467 (auto-detected)
19:33:32.439 [Forwarding newSession on session null to remote] DEBUG io.netty.util.NetUtil - -Djava.net.preferIPv4Stack: false
19:33:32.439 [Forwarding newSession on session null to remote] DEBUG io.netty.util.NetUtil - -Djava.net.preferIPv6Addresses: false
19:33:32.446 [Forwarding newSession on session null to remote] DEBUG io.netty.util.NetUtilInitializations - Loopback interface: lo (lo, 0:0:0:0:0:0:0:1%lo)
19:33:32.448 [Forwarding newSession on session null to remote] DEBUG io.netty.util.NetUtil - /proc/sys/net/core/somaxconn: 4096
19:33:32.450 [Forwarding newSession on session null to remote] DEBUG io.netty.channel.DefaultChannelId - -Dio.netty.machineId: e4:a4:71:ff:fe:86:9e:da (auto-detected)
19:33:32.626 [AsyncHttpClient-1-2] DEBUG io.netty.buffer.AbstractByteBuf - -Dio.netty.buffer.checkAccessible: true
19:33:32.626 [AsyncHttpClient-1-2] DEBUG io.netty.buffer.AbstractByteBuf - -Dio.netty.buffer.checkBounds: true
19:33:32.626 [AsyncHttpClient-1-2] DEBUG io.netty.util.ResourceLeakDetectorFactory - Loaded default ResourceLeakDetector: io.netty.util.ResourceLeakDetector@2da38b23
19:33:32.661 [AsyncHttpClient-1-2] DEBUG org.asynchttpclient.netty.channel.NettyConnectListener - Using new Channel '[id: 0xf849d4e1, L:/127.0.0.1:35382 - R:localhost/127.0.0.1:36597]' for 'POST' to '/session'
19:33:32.706 [AsyncHttpClient-1-2] DEBUG io.netty.util.Recycler - -Dio.netty.recycler.maxCapacityPerThread: 4096
19:33:32.706 [AsyncHttpClient-1-2] DEBUG io.netty.util.Recycler - -Dio.netty.recycler.ratio: 8
19:33:32.706 [AsyncHttpClient-1-2] DEBUG io.netty.util.Recycler - -Dio.netty.recycler.chunkSize: 32
19:33:32.706 [AsyncHttpClient-1-2] DEBUG io.netty.util.Recycler - -Dio.netty.recycler.blocking: false
19:33:34.108 [AsyncHttpClient-1-2] DEBUG io.netty.handler.codec.compression.Brotli - brotli4j not in the classpath; Brotli support will be unavailable.
19:33:34.108 [AsyncHttpClient-1-2] DEBUG org.asynchttpclient.netty.handler.HttpHandler - 

Request DefaultHttpRequest(decodeResult: success, version: HTTP/1.1)
POST /session HTTP/1.1
User-Agent: selenium/4.1.2 (java unix)
Content-Length: 603
Content-Type: application/json; charset=utf-8
host: localhost:36597
accept: */*

Response DefaultHttpResponse(decodeResult: success, version: HTTP/1.1)
HTTP/1.1 200 OK
Content-Type: application/json; charset=utf-8
cache-control: no-cache
content-length: 750

19:33:34.123 [AsyncHttpClient-1-2] DEBUG org.asynchttpclient.netty.channel.ChannelManager - Adding key: http://localhost:36597 for channel [id: 0xf849d4e1, L:/127.0.0.1:35382 - R:localhost/127.0.0.1:36597]
19:33:34.402 [AsyncHttpClient-1-3] DEBUG org.asynchttpclient.netty.channel.NettyConnectListener - Using new Channel '[id: 0x0f261eb0, L:/127.0.0.1:49442 - R:localhost/127.0.0.1:45969]' for 'GET' to '/json/version'
19:33:34.406 [AsyncHttpClient-1-3] DEBUG org.asynchttpclient.netty.handler.HttpHandler - 

Request DefaultFullHttpRequest(decodeResult: success, version: HTTP/1.1, content: EmptyByteBufBE)
GET /json/version HTTP/1.1
User-Agent: selenium/4.1.2 (java unix)
host: localhost:45969
accept: */*

Response DefaultHttpResponse(decodeResult: success, version: HTTP/1.1)
HTTP/1.1 200 OK
Content-Type: application/json; charset=UTF-8
content-length: 405

19:33:34.414 [AsyncHttpClient-1-3] DEBUG org.asynchttpclient.netty.channel.ChannelManager - Adding key: http://localhost:45969 for channel [id: 0x0f261eb0, L:/127.0.0.1:49442 - R:localhost/127.0.0.1:45969]
19:33:34.442 [main] DEBUG io.netty.util.internal.ThreadLocalRandom - -Dio.netty.initialSeedUniquifier: 0x6b06145de8b49088
19:33:34.504 [AsyncHttpClient-1-4] DEBUG org.asynchttpclient.netty.channel.NettyConnectListener - Using new Channel '[id: 0x66924308, L:/127.0.0.1:49444 - R:localhost/127.0.0.1:45969]' for 'GET' to '/devtools/browser/eaa36ded-301e-46b5-a1ee-912156ea6922'
19:33:34.513 [AsyncHttpClient-1-4] DEBUG org.asynchttpclient.netty.handler.WebSocketHandler - 

Request DefaultFullHttpRequest(decodeResult: success, version: HTTP/1.1, content: EmptyByteBufBE)
GET /devtools/browser/eaa36ded-301e-46b5-a1ee-912156ea6922 HTTP/1.1
upgrade: websocket
connection: upgrade
sec-websocket-key: ddsDmt2MyRXSvf+T7y3Fhw==
sec-websocket-version: 13
origin: http://localhost:45969
host: localhost:45969
accept: */*
user-agent: AHC/2.1

Response DefaultHttpResponse(decodeResult: success, version: HTTP/1.1)
HTTP/1.1 101 WebSocket Protocol Handshake
Upgrade: WebSocket
Connection: Upgrade
Sec-WebSocket-Accept: Gs/vpd25Yii0h2OwBxQ6xX3p65k=

19:33:34.883 [main] DEBUG net.thucydides.core.reflection.ClassFinder - Could not load class .CucumberTestSuite
19:33:34.884 [main] DEBUG net.thucydides.core.reflection.ClassFinder - Could not load class .demoQa.pages.HomePage
19:33:34.884 [main] DEBUG net.thucydides.core.reflection.ClassFinder - Could not load class .demoQa.pages.LoginPage
19:33:34.884 [main] DEBUG net.thucydides.core.reflection.ClassFinder - Could not load class .demoQa.pages.RegisterPage
19:33:34.884 [main] DEBUG net.thucydides.core.reflection.ClassFinder - Could not load class .demoQa.stepsDefinition.LoginSteps
19:33:34.908 [Forwarding get on session 30608243568114043ce11e18f5e2de0a to remote] DEBUG org.asynchttpclient.netty.request.NettyRequestSender - Using pooled Channel '[id: 0xf849d4e1, L:/127.0.0.1:35382 - R:localhost/127.0.0.1:36597]' for 'POST' to 'http://localhost:36597/session/30608243568114043ce11e18f5e2de0a/url'
19:33:34.908 [Forwarding get on session 30608243568114043ce11e18f5e2de0a to remote] DEBUG org.asynchttpclient.netty.request.NettyRequestSender - Using open Channel [id: 0xf849d4e1, L:/127.0.0.1:35382 - R:localhost/127.0.0.1:36597] for POST '/session/30608243568114043ce11e18f5e2de0a/url'
19:33:34.943 [AsyncHttpClient-1-1] DEBUG org.asynchttpclient.netty.channel.DefaultChannelPool - Entry count for : http://localhost:45969 : 1
19:33:36.042 [AsyncHttpClient-1-1] DEBUG org.asynchttpclient.netty.channel.DefaultChannelPool - Entry count for : http://localhost:45969 : 1
19:33:37.142 [AsyncHttpClient-1-1] DEBUG org.asynchttpclient.netty.channel.DefaultChannelPool - Entry count for : http://localhost:45969 : 1
19:33:38.243 [AsyncHttpClient-1-1] DEBUG org.asynchttpclient.netty.channel.DefaultChannelPool - Entry count for : http://localhost:45969 : 1
19:33:39.342 [AsyncHttpClient-1-1] DEBUG org.asynchttpclient.netty.channel.DefaultChannelPool - Entry count for : http://localhost:45969 : 1
19:33:40.442 [AsyncHttpClient-1-1] DEBUG org.asynchttpclient.netty.channel.DefaultChannelPool - Entry count for : http://localhost:45969 : 1
19:33:41.542 [AsyncHttpClient-1-1] DEBUG org.asynchttpclient.netty.channel.DefaultChannelPool - Entry count for : http://localhost:45969 : 1
19:33:42.565 [AsyncHttpClient-1-2] DEBUG org.asynchttpclient.netty.handler.HttpHandler - 

Request DefaultHttpRequest(decodeResult: success, version: HTTP/1.1)
POST /session/30608243568114043ce11e18f5e2de0a/url HTTP/1.1
User-Agent: selenium/4.1.2 (java unix)
Content-Length: 54
Content-Type: application/json; charset=utf-8
host: localhost:36597
accept: */*

Response DefaultHttpResponse(decodeResult: success, version: HTTP/1.1)
HTTP/1.1 200 OK
Content-Type: application/json; charset=utf-8
cache-control: no-cache
content-length: 14

19:33:42.565 [AsyncHttpClient-1-2] DEBUG org.asynchttpclient.netty.channel.ChannelManager - Adding key: http://localhost:36597 for channel [id: 0xf849d4e1, L:/127.0.0.1:35382 - R:localhost/127.0.0.1:36597]
19:33:42.578 [Forwarding setTimeout on session 30608243568114043ce11e18f5e2de0a to remote] DEBUG org.asynchttpclient.netty.request.NettyRequestSender - Using pooled Channel '[id: 0xf849d4e1, L:/127.0.0.1:35382 - R:localhost/127.0.0.1:36597]' for 'POST' to 'http://localhost:36597/session/30608243568114043ce11e18f5e2de0a/timeouts'
19:33:42.579 [Forwarding setTimeout on session 30608243568114043ce11e18f5e2de0a to remote] DEBUG org.asynchttpclient.netty.request.NettyRequestSender - Using open Channel [id: 0xf849d4e1, L:/127.0.0.1:35382 - R:localhost/127.0.0.1:36597] for POST '/session/30608243568114043ce11e18f5e2de0a/timeouts'
19:33:42.585 [AsyncHttpClient-1-2] DEBUG org.asynchttpclient.netty.handler.HttpHandler - 

Request DefaultHttpRequest(decodeResult: success, version: HTTP/1.1)
POST /session/30608243568114043ce11e18f5e2de0a/timeouts HTTP/1.1
User-Agent: selenium/4.1.2 (java unix)
Content-Length: 22
Content-Type: application/json; charset=utf-8
host: localhost:36597
accept: */*

Response DefaultHttpResponse(decodeResult: success, version: HTTP/1.1)
HTTP/1.1 200 OK
Content-Type: application/json; charset=utf-8
cache-control: no-cache
content-length: 14

19:33:42.586 [AsyncHttpClient-1-2] DEBUG org.asynchttpclient.netty.channel.ChannelManager - Adding key: http://localhost:36597 for channel [id: 0xf849d4e1, L:/127.0.0.1:35382 - R:localhost/127.0.0.1:36597]
19:33:42.608 [Forwarding getCurrentUrl on session 30608243568114043ce11e18f5e2de0a to remote] DEBUG org.asynchttpclient.netty.request.NettyRequestSender - Using pooled Channel '[id: 0xf849d4e1, L:/127.0.0.1:35382 - R:localhost/127.0.0.1:36597]' for 'GET' to 'http://localhost:36597/session/30608243568114043ce11e18f5e2de0a/url'
19:33:42.608 [Forwarding getCurrentUrl on session 30608243568114043ce11e18f5e2de0a to remote] DEBUG org.asynchttpclient.netty.request.NettyRequestSender - Using open Channel [id: 0xf849d4e1, L:/127.0.0.1:35382 - R:localhost/127.0.0.1:36597] for GET '/session/30608243568114043ce11e18f5e2de0a/url'
19:33:42.643 [AsyncHttpClient-1-1] DEBUG org.asynchttpclient.netty.channel.DefaultChannelPool - Entry count for : http://localhost:45969 : 1
19:33:42.731 [AsyncHttpClient-1-2] DEBUG org.asynchttpclient.netty.handler.HttpHandler - 

Request DefaultFullHttpRequest(decodeResult: success, version: HTTP/1.1, content: EmptyByteBufBE)
GET /session/30608243568114043ce11e18f5e2de0a/url HTTP/1.1
User-Agent: selenium/4.1.2 (java unix)
Cache-Control: no-cache
Content-Type: application/json; charset=utf-8
host: localhost:36597
accept: */*

Response DefaultHttpResponse(decodeResult: success, version: HTTP/1.1)
HTTP/1.1 200 OK
Content-Type: application/json; charset=utf-8
cache-control: no-cache
content-length: 36

19:33:42.731 [AsyncHttpClient-1-2] DEBUG org.asynchttpclient.netty.channel.ChannelManager - Adding key: http://localhost:36597 for channel [id: 0xf849d4e1, L:/127.0.0.1:35382 - R:localhost/127.0.0.1:36597]
19:33:42.801 [main] DEBUG net.serenitybdd.core.photography.Darkroom - Opening darkroom
19:33:42.802 [Darkroom Processing Line] DEBUG net.serenitybdd.core.photography.DarkroomProcessingLine - Darkroom processing line starting up
19:33:42.808 [Forwarding screenshot on session 30608243568114043ce11e18f5e2de0a to remote] DEBUG org.asynchttpclient.netty.request.NettyRequestSender - Using pooled Channel '[id: 0xf849d4e1, L:/127.0.0.1:35382 - R:localhost/127.0.0.1:36597]' for 'GET' to 'http://localhost:36597/session/30608243568114043ce11e18f5e2de0a/screenshot'
19:33:42.808 [Forwarding screenshot on session 30608243568114043ce11e18f5e2de0a to remote] DEBUG org.asynchttpclient.netty.request.NettyRequestSender - Using open Channel [id: 0xf849d4e1, L:/127.0.0.1:35382 - R:localhost/127.0.0.1:36597] for GET '/session/30608243568114043ce11e18f5e2de0a/screenshot'
19:33:43.279 [AsyncHttpClient-1-2] DEBUG org.asynchttpclient.netty.handler.HttpHandler - 

Request DefaultFullHttpRequest(decodeResult: success, version: HTTP/1.1, content: EmptyByteBufBE)
GET /session/30608243568114043ce11e18f5e2de0a/screenshot HTTP/1.1
User-Agent: selenium/4.1.2 (java unix)
Cache-Control: no-cache
Content-Type: application/json; charset=utf-8
host: localhost:36597
accept: */*

Response DefaultHttpResponse(decodeResult: success, version: HTTP/1.1)
HTTP/1.1 200 OK
Content-Type: application/json; charset=utf-8
cache-control: no-cache
content-length: 363256

19:33:43.287 [AsyncHttpClient-1-2] DEBUG org.asynchttpclient.netty.channel.ChannelManager - Adding key: http://localhost:36597 for channel [id: 0xf849d4e1, L:/127.0.0.1:35382 - R:localhost/127.0.0.1:36597]
19:33:43.637 [main] DEBUG net.serenitybdd.core.photography.Darkroom - Send negative for processing for target/site/serenity/23522420da9ed1fcc32555871ea084df1202c081c46c4296f20d4f4f968896e9.png
19:33:43.638 [Darkroom Processing Line] DEBUG net.serenitybdd.core.photography.DarkroomProcessingLine - Processing screenshot image in /var/screenshots/screenshot-2480645592097354942
19:33:43.638 [Darkroom Processing Line] DEBUG net.serenitybdd.core.photography.DarkroomProcessingLine - Saving screenshot to target/site/serenity/23522420da9ed1fcc32555871ea084df1202c081c46c4296f20d4f4f968896e9.png
19:33:43.656 [main] DEBUG net.thucydides.core.steps.StepInterceptor - STEP DONE: openUrl
19:33:43.674 [main] DEBUG net.thucydides.core.steps.StepInterceptor - STARTING STEP: LoginSteps.iAmOnTheHomepage - validateOnHomePage
19:33:43.695 [Forwarding findElement on session 30608243568114043ce11e18f5e2de0a to remote] DEBUG org.asynchttpclient.netty.request.NettyRequestSender - Using pooled Channel '[id: 0xf849d4e1, L:/127.0.0.1:35382 - R:localhost/127.0.0.1:36597]' for 'POST' to 'http://localhost:36597/session/30608243568114043ce11e18f5e2de0a/element'
19:33:43.696 [Forwarding findElement on session 30608243568114043ce11e18f5e2de0a to remote] DEBUG org.asynchttpclient.netty.request.NettyRequestSender - Using open Channel [id: 0xf849d4e1, L:/127.0.0.1:35382 - R:localhost/127.0.0.1:36597] for POST '/session/30608243568114043ce11e18f5e2de0a/element'
19:33:43.724 [AsyncHttpClient-1-2] DEBUG org.asynchttpclient.netty.handler.HttpHandler - 

Request DefaultHttpRequest(decodeResult: success, version: HTTP/1.1)
POST /session/30608243568114043ce11e18f5e2de0a/element HTTP/1.1
User-Agent: selenium/4.1.2 (java unix)
Content-Length: 50
Content-Type: application/json; charset=utf-8
host: localhost:36597
accept: */*

Response DefaultHttpResponse(decodeResult: success, version: HTTP/1.1)
HTTP/1.1 200 OK
Content-Type: application/json; charset=utf-8
cache-control: no-cache
content-length: 88

19:33:43.724 [AsyncHttpClient-1-2] DEBUG org.asynchttpclient.netty.channel.ChannelManager - Adding key: http://localhost:36597 for channel [id: 0xf849d4e1, L:/127.0.0.1:35382 - R:localhost/127.0.0.1:36597]
19:33:43.742 [AsyncHttpClient-1-1] DEBUG org.asynchttpclient.netty.channel.DefaultChannelPool - Entry count for : http://localhost:36597 : 1
19:33:43.743 [AsyncHttpClient-1-1] DEBUG org.asynchttpclient.netty.channel.DefaultChannelPool - Entry count for : http://localhost:45969 : 1
19:33:43.766 [Forwarding isElementDisplayed on session 30608243568114043ce11e18f5e2de0a to remote] DEBUG org.asynchttpclient.netty.request.NettyRequestSender - Using pooled Channel '[id: 0xf849d4e1, L:/127.0.0.1:35382 - R:localhost/127.0.0.1:36597]' for 'POST' to 'http://localhost:36597/session/30608243568114043ce11e18f5e2de0a/execute/sync'
19:33:43.766 [Forwarding isElementDisplayed on session 30608243568114043ce11e18f5e2de0a to remote] DEBUG org.asynchttpclient.netty.request.NettyRequestSender - Using open Channel [id: 0xf849d4e1, L:/127.0.0.1:35382 - R:localhost/127.0.0.1:36597] for POST '/session/30608243568114043ce11e18f5e2de0a/execute/sync'
19:33:43.798 [AsyncHttpClient-1-2] DEBUG org.asynchttpclient.netty.handler.HttpHandler - 

Request DefaultHttpRequest(decodeResult: success, version: HTTP/1.1)
POST /session/30608243568114043ce11e18f5e2de0a/execute/sync HTTP/1.1
User-Agent: selenium/4.1.2 (java unix)
Content-Length: 48780
Content-Type: application/json; charset=utf-8
host: localhost:36597
accept: */*

Response DefaultHttpResponse(decodeResult: success, version: HTTP/1.1)
HTTP/1.1 200 OK
Content-Type: application/json; charset=utf-8
cache-control: no-cache
content-length: 14

19:33:43.799 [AsyncHttpClient-1-2] DEBUG org.asynchttpclient.netty.channel.ChannelManager - Adding key: http://localhost:36597 for channel [id: 0xf849d4e1, L:/127.0.0.1:35382 - R:localhost/127.0.0.1:36597]
19:33:43.832 [Forwarding screenshot on session 30608243568114043ce11e18f5e2de0a to remote] DEBUG org.asynchttpclient.netty.request.NettyRequestSender - Using pooled Channel '[id: 0xf849d4e1, L:/127.0.0.1:35382 - R:localhost/127.0.0.1:36597]' for 'GET' to 'http://localhost:36597/session/30608243568114043ce11e18f5e2de0a/screenshot'
19:33:43.832 [Forwarding screenshot on session 30608243568114043ce11e18f5e2de0a to remote] DEBUG org.asynchttpclient.netty.request.NettyRequestSender - Using open Channel [id: 0xf849d4e1, L:/127.0.0.1:35382 - R:localhost/127.0.0.1:36597] for GET '/session/30608243568114043ce11e18f5e2de0a/screenshot'
19:33:44.031 [AsyncHttpClient-1-2] DEBUG org.asynchttpclient.netty.handler.HttpHandler - 

Request DefaultFullHttpRequest(decodeResult: success, version: HTTP/1.1, content: EmptyByteBufBE)
GET /session/30608243568114043ce11e18f5e2de0a/screenshot HTTP/1.1
User-Agent: selenium/4.1.2 (java unix)
Cache-Control: no-cache
Content-Type: application/json; charset=utf-8
host: localhost:36597
accept: */*

Response DefaultHttpResponse(decodeResult: success, version: HTTP/1.1)
HTTP/1.1 200 OK
Content-Type: application/json; charset=utf-8
cache-control: no-cache
content-length: 363256

19:33:44.039 [AsyncHttpClient-1-2] DEBUG org.asynchttpclient.netty.channel.ChannelManager - Adding key: http://localhost:36597 for channel [id: 0xf849d4e1, L:/127.0.0.1:35382 - R:localhost/127.0.0.1:36597]
19:33:44.081 [main] DEBUG net.serenitybdd.core.photography.Darkroom - Send negative for processing for target/site/serenity/23522420da9ed1fcc32555871ea084df1202c081c46c4296f20d4f4f968896e9.png
19:33:44.082 [main] DEBUG net.thucydides.core.steps.StepInterceptor - STEP DONE: validateOnHomePage
  &amp#27;[32mGiven &amp#27;[0m&amp#27;[32mI am on the homepage&amp#27;[0m              &amp#27;[90m# demoQa.stepsDefinition.LoginSteps.iAmOnTheHomepage()&amp#27;[0m
19:33:44.180 [Forwarding screenshot on session 30608243568114043ce11e18f5e2de0a to remote] DEBUG org.asynchttpclient.netty.request.NettyRequestSender - Using pooled Channel '[id: 0xf849d4e1, L:/127.0.0.1:35382 - R:localhost/127.0.0.1:36597]' for 'GET' to 'http://localhost:36597/session/30608243568114043ce11e18f5e2de0a/screenshot'
19:33:44.180 [Forwarding screenshot on session 30608243568114043ce11e18f5e2de0a to remote] DEBUG org.asynchttpclient.netty.request.NettyRequestSender - Using open Channel [id: 0xf849d4e1, L:/127.0.0.1:35382 - R:localhost/127.0.0.1:36597] for GET '/session/30608243568114043ce11e18f5e2de0a/screenshot'
19:33:44.422 [AsyncHttpClient-1-2] DEBUG org.asynchttpclient.netty.handler.HttpHandler - 

Request DefaultFullHttpRequest(decodeResult: success, version: HTTP/1.1, content: EmptyByteBufBE)
GET /session/30608243568114043ce11e18f5e2de0a/screenshot HTTP/1.1
User-Agent: selenium/4.1.2 (java unix)
Cache-Control: no-cache
Content-Type: application/json; charset=utf-8
host: localhost:36597
accept: */*

Response DefaultHttpResponse(decodeResult: success, version: HTTP/1.1)
HTTP/1.1 200 OK
Content-Type: application/json; charset=utf-8
cache-control: no-cache
content-length: 353396

19:33:44.428 [AsyncHttpClient-1-2] DEBUG org.asynchttpclient.netty.channel.ChannelManager - Adding key: http://localhost:36597 for channel [id: 0xf849d4e1, L:/127.0.0.1:35382 - R:localhost/127.0.0.1:36597]
19:33:44.447 [main] DEBUG net.serenitybdd.core.photography.Darkroom - Send negative for processing for target/site/serenity/0caeabc9e7114e077e7c919cb5608e5ebbffa8bf78a8f58c3529bd17b3bde463.png
19:33:44.447 [Darkroom Processing Line] DEBUG net.serenitybdd.core.photography.DarkroomProcessingLine - Processing screenshot image in /var/screenshots/screenshot-1376189314339224783
19:33:44.448 [Darkroom Processing Line] DEBUG net.serenitybdd.core.photography.DarkroomProcessingLine - Saving screenshot to target/site/serenity/0caeabc9e7114e077e7c919cb5608e5ebbffa8bf78a8f58c3529bd17b3bde463.png
19:33:44.448 [main] DEBUG net.thucydides.core.steps.StepInterceptor - STARTING STEP: LoginSteps.iClickLogin - clickLoginOnHome
19:33:44.458 [Forwarding findElement on session 30608243568114043ce11e18f5e2de0a to remote] DEBUG org.asynchttpclient.netty.request.NettyRequestSender - Using pooled Channel '[id: 0xf849d4e1, L:/127.0.0.1:35382 - R:localhost/127.0.0.1:36597]' for 'POST' to 'http://localhost:36597/session/30608243568114043ce11e18f5e2de0a/element'
19:33:44.459 [Forwarding findElement on session 30608243568114043ce11e18f5e2de0a to remote] DEBUG org.asynchttpclient.netty.request.NettyRequestSender - Using open Channel [id: 0xf849d4e1, L:/127.0.0.1:35382 - R:localhost/127.0.0.1:36597] for POST '/session/30608243568114043ce11e18f5e2de0a/element'
19:33:44.529 [AsyncHttpClient-1-2] DEBUG org.asynchttpclient.netty.handler.HttpHandler - 

Request DefaultHttpRequest(decodeResult: success, version: HTTP/1.1)
POST /session/30608243568114043ce11e18f5e2de0a/element HTTP/1.1
User-Agent: selenium/4.1.2 (java unix)
Content-Length: 50
Content-Type: application/json; charset=utf-8
host: localhost:36597
accept: */*

Response DefaultHttpResponse(decodeResult: success, version: HTTP/1.1)
HTTP/1.1 200 OK
Content-Type: application/json; charset=utf-8
cache-control: no-cache
content-length: 88

19:33:44.529 [AsyncHttpClient-1-2] DEBUG org.asynchttpclient.netty.channel.ChannelManager - Adding key: http://localhost:36597 for channel [id: 0xf849d4e1, L:/127.0.0.1:35382 - R:localhost/127.0.0.1:36597]
19:33:44.543 [Forwarding getElementTagName on session 30608243568114043ce11e18f5e2de0a to remote] DEBUG org.asynchttpclient.netty.request.NettyRequestSender - Using pooled Channel '[id: 0xf849d4e1, L:/127.0.0.1:35382 - R:localhost/127.0.0.1:36597]' for 'GET' to 'http://localhost:36597/session/30608243568114043ce11e18f5e2de0a/element/f1546011-a3fc-4a09-9f22-d709664c0880/name'
19:33:44.543 [Forwarding getElementTagName on session 30608243568114043ce11e18f5e2de0a to remote] DEBUG org.asynchttpclient.netty.request.NettyRequestSender - Using open Channel [id: 0xf849d4e1, L:/127.0.0.1:35382 - R:localhost/127.0.0.1:36597] for GET '/session/30608243568114043ce11e18f5e2de0a/element/f1546011-a3fc-4a09-9f22-d709664c0880/name'
19:33:44.569 [AsyncHttpClient-1-2] DEBUG org.asynchttpclient.netty.handler.HttpHandler - 

Request DefaultFullHttpRequest(decodeResult: success, version: HTTP/1.1, content: EmptyByteBufBE)
GET /session/30608243568114043ce11e18f5e2de0a/element/f1546011-a3fc-4a09-9f22-d709664c0880/name HTTP/1.1
User-Agent: selenium/4.1.2 (java unix)
Cache-Control: no-cache
Content-Type: application/json; charset=utf-8
host: localhost:36597
accept: */*

Response DefaultHttpResponse(decodeResult: success, version: HTTP/1.1)
HTTP/1.1 200 OK
Content-Type: application/json; charset=utf-8
cache-control: no-cache
content-length: 18

19:33:44.570 [AsyncHttpClient-1-2] DEBUG org.asynchttpclient.netty.channel.ChannelManager - Adding key: http://localhost:36597 for channel [id: 0xf849d4e1, L:/127.0.0.1:35382 - R:localhost/127.0.0.1:36597]
19:33:44.575 [Forwarding getElementTagName on session 30608243568114043ce11e18f5e2de0a to remote] DEBUG org.asynchttpclient.netty.request.NettyRequestSender - Using pooled Channel '[id: 0xf849d4e1, L:/127.0.0.1:35382 - R:localhost/127.0.0.1:36597]' for 'GET' to 'http://localhost:36597/session/30608243568114043ce11e18f5e2de0a/element/f1546011-a3fc-4a09-9f22-d709664c0880/name'
19:33:44.583 [Forwarding getElementTagName on session 30608243568114043ce11e18f5e2de0a to remote] DEBUG org.asynchttpclient.netty.request.NettyRequestSender - Using open Channel [id: 0xf849d4e1, L:/127.0.0.1:35382 - R:localhost/127.0.0.1:36597] for GET '/session/30608243568114043ce11e18f5e2de0a/element/f1546011-a3fc-4a09-9f22-d709664c0880/name'
19:33:44.603 [AsyncHttpClient-1-2] DEBUG org.asynchttpclient.netty.handler.HttpHandler - 

Request DefaultFullHttpRequest(decodeResult: success, version: HTTP/1.1, content: EmptyByteBufBE)
GET /session/30608243568114043ce11e18f5e2de0a/element/f1546011-a3fc-4a09-9f22-d709664c0880/name HTTP/1.1
User-Agent: selenium/4.1.2 (java unix)
Cache-Control: no-cache
Content-Type: application/json; charset=utf-8
host: localhost:36597
accept: */*

Response DefaultHttpResponse(decodeResult: success, version: HTTP/1.1)
HTTP/1.1 200 OK
Content-Type: application/json; charset=utf-8
cache-control: no-cache
content-length: 18

19:33:44.605 [AsyncHttpClient-1-2] DEBUG org.asynchttpclient.netty.channel.ChannelManager - Adding key: http://localhost:36597 for channel [id: 0xf849d4e1, L:/127.0.0.1:35382 - R:localhost/127.0.0.1:36597]
19:33:44.643 [Forwarding isElementEnabled on session 30608243568114043ce11e18f5e2de0a to remote] DEBUG org.asynchttpclient.netty.request.NettyRequestSender - Using pooled Channel '[id: 0xf849d4e1, L:/127.0.0.1:35382 - R:localhost/127.0.0.1:36597]' for 'GET' to 'http://localhost:36597/session/30608243568114043ce11e18f5e2de0a/element/f1546011-a3fc-4a09-9f22-d709664c0880/enabled'
19:33:44.643 [Forwarding isElementEnabled on session 30608243568114043ce11e18f5e2de0a to remote] DEBUG org.asynchttpclient.netty.request.NettyRequestSender - Using open Channel [id: 0xf849d4e1, L:/127.0.0.1:35382 - R:localhost/127.0.0.1:36597] for GET '/session/30608243568114043ce11e18f5e2de0a/element/f1546011-a3fc-4a09-9f22-d709664c0880/enabled'
19:33:44.669 [AsyncHttpClient-1-2] DEBUG org.asynchttpclient.netty.handler.HttpHandler - 

Request DefaultFullHttpRequest(decodeResult: success, version: HTTP/1.1, content: EmptyByteBufBE)
GET /session/30608243568114043ce11e18f5e2de0a/element/f1546011-a3fc-4a09-9f22-d709664c0880/enabled HTTP/1.1
User-Agent: selenium/4.1.2 (java unix)
Cache-Control: no-cache
Content-Type: application/json; charset=utf-8
host: localhost:36597
accept: */*

Response DefaultHttpResponse(decodeResult: success, version: HTTP/1.1)
HTTP/1.1 200 OK
Content-Type: application/json; charset=utf-8
cache-control: no-cache
content-length: 14

19:33:44.669 [AsyncHttpClient-1-2] DEBUG org.asynchttpclient.netty.channel.ChannelManager - Adding key: http://localhost:36597 for channel [id: 0xf849d4e1, L:/127.0.0.1:35382 - R:localhost/127.0.0.1:36597]
19:33:44.673 [Forwarding isElementEnabled on session 30608243568114043ce11e18f5e2de0a to remote] DEBUG org.asynchttpclient.netty.request.NettyRequestSender - Using pooled Channel '[id: 0xf849d4e1, L:/127.0.0.1:35382 - R:localhost/127.0.0.1:36597]' for 'GET' to 'http://localhost:36597/session/30608243568114043ce11e18f5e2de0a/element/f1546011-a3fc-4a09-9f22-d709664c0880/enabled'
19:33:44.674 [Forwarding isElementEnabled on session 30608243568114043ce11e18f5e2de0a to remote] DEBUG org.asynchttpclient.netty.request.NettyRequestSender - Using open Channel [id: 0xf849d4e1, L:/127.0.0.1:35382 - R:localhost/127.0.0.1:36597] for GET '/session/30608243568114043ce11e18f5e2de0a/element/f1546011-a3fc-4a09-9f22-d709664c0880/enabled'
19:33:44.694 [AsyncHttpClient-1-2] DEBUG org.asynchttpclient.netty.handler.HttpHandler - 

Request DefaultFullHttpRequest(decodeResult: success, version: HTTP/1.1, content: EmptyByteBufBE)
GET /session/30608243568114043ce11e18f5e2de0a/element/f1546011-a3fc-4a09-9f22-d709664c0880/enabled HTTP/1.1
User-Agent: selenium/4.1.2 (java unix)
Cache-Control: no-cache
Content-Type: application/json; charset=utf-8
host: localhost:36597
accept: */*

Response DefaultHttpResponse(decodeResult: success, version: HTTP/1.1)
HTTP/1.1 200 OK
Content-Type: application/json; charset=utf-8
cache-control: no-cache
content-length: 14

19:33:44.695 [AsyncHttpClient-1-2] DEBUG org.asynchttpclient.netty.channel.ChannelManager - Adding key: http://localhost:36597 for channel [id: 0xf849d4e1, L:/127.0.0.1:35382 - R:localhost/127.0.0.1:36597]
19:33:44.700 [Forwarding findElement on session 30608243568114043ce11e18f5e2de0a to remote] DEBUG org.asynchttpclient.netty.request.NettyRequestSender - Using pooled Channel '[id: 0xf849d4e1, L:/127.0.0.1:35382 - R:localhost/127.0.0.1:36597]' for 'POST' to 'http://localhost:36597/session/30608243568114043ce11e18f5e2de0a/element'
19:33:44.700 [Forwarding findElement on session 30608243568114043ce11e18f5e2de0a to remote] DEBUG org.asynchttpclient.netty.request.NettyRequestSender - Using open Channel [id: 0xf849d4e1, L:/127.0.0.1:35382 - R:localhost/127.0.0.1:36597] for POST '/session/30608243568114043ce11e18f5e2de0a/element'
19:33:44.708 [AsyncHttpClient-1-2] DEBUG org.asynchttpclient.netty.handler.HttpHandler - 

Request DefaultHttpRequest(decodeResult: success, version: HTTP/1.1)
POST /session/30608243568114043ce11e18f5e2de0a/element HTTP/1.1
User-Agent: selenium/4.1.2 (java unix)
Content-Length: 50
Content-Type: application/json; charset=utf-8
host: localhost:36597
accept: */*

Response DefaultHttpResponse(decodeResult: success, version: HTTP/1.1)
HTTP/1.1 200 OK
Content-Type: application/json; charset=utf-8
cache-control: no-cache
content-length: 88

19:33:44.708 [AsyncHttpClient-1-2] DEBUG org.asynchttpclient.netty.channel.ChannelManager - Adding key: http://localhost:36597 for channel [id: 0xf849d4e1, L:/127.0.0.1:35382 - R:localhost/127.0.0.1:36597]
19:33:44.713 [Forwarding clickElement on session 30608243568114043ce11e18f5e2de0a to remote] DEBUG org.asynchttpclient.netty.request.NettyRequestSender - Using pooled Channel '[id: 0xf849d4e1, L:/127.0.0.1:35382 - R:localhost/127.0.0.1:36597]' for 'POST' to 'http://localhost:36597/session/30608243568114043ce11e18f5e2de0a/element/f1546011-a3fc-4a09-9f22-d709664c0880/click'
19:33:44.713 [Forwarding clickElement on session 30608243568114043ce11e18f5e2de0a to remote] DEBUG org.asynchttpclient.netty.request.NettyRequestSender - Using open Channel [id: 0xf849d4e1, L:/127.0.0.1:35382 - R:localhost/127.0.0.1:36597] for POST '/session/30608243568114043ce11e18f5e2de0a/element/f1546011-a3fc-4a09-9f22-d709664c0880/click'
19:33:44.842 [AsyncHttpClient-1-1] DEBUG org.asynchttpclient.netty.channel.DefaultChannelPool - Entry count for : http://localhost:45969 : 1
19:33:44.862 [AsyncHttpClient-1-2] DEBUG org.asynchttpclient.netty.handler.HttpHandler - 

Request DefaultHttpRequest(decodeResult: success, version: HTTP/1.1)
POST /session/30608243568114043ce11e18f5e2de0a/element/f1546011-a3fc-4a09-9f22-d709664c0880/click HTTP/1.1
User-Agent: selenium/4.1.2 (java unix)
Content-Length: 50
Content-Type: application/json; charset=utf-8
host: localhost:36597
accept: */*

Response DefaultHttpResponse(decodeResult: success, version: HTTP/1.1)
HTTP/1.1 200 OK
Content-Type: application/json; charset=utf-8
cache-control: no-cache
content-length: 14

19:33:44.863 [AsyncHttpClient-1-2] DEBUG org.asynchttpclient.netty.channel.ChannelManager - Adding key: http://localhost:36597 for channel [id: 0xf849d4e1, L:/127.0.0.1:35382 - R:localhost/127.0.0.1:36597]
19:33:44.880 [Forwarding screenshot on session 30608243568114043ce11e18f5e2de0a to remote] DEBUG org.asynchttpclient.netty.request.NettyRequestSender - Using pooled Channel '[id: 0xf849d4e1, L:/127.0.0.1:35382 - R:localhost/127.0.0.1:36597]' for 'GET' to 'http://localhost:36597/session/30608243568114043ce11e18f5e2de0a/screenshot'
19:33:44.881 [Forwarding screenshot on session 30608243568114043ce11e18f5e2de0a to remote] DEBUG org.asynchttpclient.netty.request.NettyRequestSender - Using open Channel [id: 0xf849d4e1, L:/127.0.0.1:35382 - R:localhost/127.0.0.1:36597] for GET '/session/30608243568114043ce11e18f5e2de0a/screenshot'
19:33:45.107 [AsyncHttpClient-1-2] DEBUG org.asynchttpclient.netty.handler.HttpHandler - 

Request DefaultFullHttpRequest(decodeResult: success, version: HTTP/1.1, content: EmptyByteBufBE)
GET /session/30608243568114043ce11e18f5e2de0a/screenshot HTTP/1.1
User-Agent: selenium/4.1.2 (java unix)
Cache-Control: no-cache
Content-Type: application/json; charset=utf-8
host: localhost:36597
accept: */*

Response DefaultHttpResponse(decodeResult: success, version: HTTP/1.1)
HTTP/1.1 200 OK
Content-Type: application/json; charset=utf-8
cache-control: no-cache
content-length: 251452

19:33:45.110 [AsyncHttpClient-1-2] DEBUG org.asynchttpclient.netty.channel.ChannelManager - Adding key: http://localhost:36597 for channel [id: 0xf849d4e1, L:/127.0.0.1:35382 - R:localhost/127.0.0.1:36597]
19:33:45.121 [main] DEBUG net.serenitybdd.core.photography.Darkroom - Send negative for processing for target/site/serenity/855e0e39085800d0d3fd774c2113a2ace9de6ae141bcd4aa4c707916658d75dc.png
19:33:45.121 [Darkroom Processing Line] DEBUG net.serenitybdd.core.photography.DarkroomProcessingLine - Processing screenshot image in /var/screenshots/screenshot-7987760958249913076
19:33:45.121 [Darkroom Processing Line] DEBUG net.serenitybdd.core.photography.DarkroomProcessingLine - Saving screenshot to target/site/serenity/855e0e39085800d0d3fd774c2113a2ace9de6ae141bcd4aa4c707916658d75dc.png
19:33:45.121 [main] DEBUG net.thucydides.core.steps.StepInterceptor - STEP DONE: clickLoginOnHome
  &amp#27;[32mWhen &amp#27;[0m&amp#27;[32mI click login&amp#27;[0m                      &amp#27;[90m# demoQa.stepsDefinition.LoginSteps.iClickLogin()&amp#27;[0m
19:33:45.145 [main] DEBUG net.thucydides.core.steps.StepInterceptor - STARTING STEP: LoginSteps.iDirectedToLoginPage - headerMuncul
19:33:45.156 [Forwarding findElement on session 30608243568114043ce11e18f5e2de0a to remote] DEBUG org.asynchttpclient.netty.request.NettyRequestSender - Using pooled Channel '[id: 0xf849d4e1, L:/127.0.0.1:35382 - R:localhost/127.0.0.1:36597]' for 'POST' to 'http://localhost:36597/session/30608243568114043ce11e18f5e2de0a/element'
19:33:45.156 [Forwarding findElement on session 30608243568114043ce11e18f5e2de0a to remote] DEBUG org.asynchttpclient.netty.request.NettyRequestSender - Using open Channel [id: 0xf849d4e1, L:/127.0.0.1:35382 - R:localhost/127.0.0.1:36597] for POST '/session/30608243568114043ce11e18f5e2de0a/element'
19:33:45.174 [AsyncHttpClient-1-2] DEBUG org.asynchttpclient.netty.handler.HttpHandler - 

Request DefaultHttpRequest(decodeResult: success, version: HTTP/1.1)
POST /session/30608243568114043ce11e18f5e2de0a/element HTTP/1.1
User-Agent: selenium/4.1.2 (java unix)
Content-Length: 102
Content-Type: application/json; charset=utf-8
host: localhost:36597
accept: */*

Response DefaultHttpResponse(decodeResult: success, version: HTTP/1.1)
HTTP/1.1 200 OK
Content-Type: application/json; charset=utf-8
cache-control: no-cache
content-length: 88

19:33:45.175 [AsyncHttpClient-1-2] DEBUG org.asynchttpclient.netty.channel.ChannelManager - Adding key: http://localhost:36597 for channel [id: 0xf849d4e1, L:/127.0.0.1:35382 - R:localhost/127.0.0.1:36597]
19:33:45.184 [Forwarding isElementDisplayed on session 30608243568114043ce11e18f5e2de0a to remote] DEBUG org.asynchttpclient.netty.request.NettyRequestSender - Using pooled Channel '[id: 0xf849d4e1, L:/127.0.0.1:35382 - R:localhost/127.0.0.1:36597]' for 'POST' to 'http://localhost:36597/session/30608243568114043ce11e18f5e2de0a/execute/sync'
19:33:45.185 [Forwarding isElementDisplayed on session 30608243568114043ce11e18f5e2de0a to remote] DEBUG org.asynchttpclient.netty.request.NettyRequestSender - Using open Channel [id: 0xf849d4e1, L:/127.0.0.1:35382 - R:localhost/127.0.0.1:36597] for POST '/session/30608243568114043ce11e18f5e2de0a/execute/sync'
19:33:45.207 [AsyncHttpClient-1-2] DEBUG org.asynchttpclient.netty.handler.HttpHandler - 

Request DefaultHttpRequest(decodeResult: success, version: HTTP/1.1)
POST /session/30608243568114043ce11e18f5e2de0a/execute/sync HTTP/1.1
User-Agent: selenium/4.1.2 (java unix)
Content-Length: 48780
Content-Type: application/json; charset=utf-8
host: localhost:36597
accept: */*

Response DefaultHttpResponse(decodeResult: success, version: HTTP/1.1)
HTTP/1.1 200 OK
Content-Type: application/json; charset=utf-8
cache-control: no-cache
content-length: 14

19:33:45.207 [AsyncHttpClient-1-2] DEBUG org.asynchttpclient.netty.channel.ChannelManager - Adding key: http://localhost:36597 for channel [id: 0xf849d4e1, L:/127.0.0.1:35382 - R:localhost/127.0.0.1:36597]
19:33:45.217 [Forwarding screenshot on session 30608243568114043ce11e18f5e2de0a to remote] DEBUG org.asynchttpclient.netty.request.NettyRequestSender - Using pooled Channel '[id: 0xf849d4e1, L:/127.0.0.1:35382 - R:localhost/127.0.0.1:36597]' for 'GET' to 'http://localhost:36597/session/30608243568114043ce11e18f5e2de0a/screenshot'
19:33:45.218 [Forwarding screenshot on session 30608243568114043ce11e18f5e2de0a to remote] DEBUG org.asynchttpclient.netty.request.NettyRequestSender - Using open Channel [id: 0xf849d4e1, L:/127.0.0.1:35382 - R:localhost/127.0.0.1:36597] for GET '/session/30608243568114043ce11e18f5e2de0a/screenshot'
19:33:45.395 [AsyncHttpClient-1-2] DEBUG org.asynchttpclient.netty.handler.HttpHandler - 

Request DefaultFullHttpRequest(decodeResult: success, version: HTTP/1.1, content: EmptyByteBufBE)
GET /session/30608243568114043ce11e18f5e2de0a/screenshot HTTP/1.1
User-Agent: selenium/4.1.2 (java unix)
Cache-Control: no-cache
Content-Type: application/json; charset=utf-8
host: localhost:36597
accept: */*

Response DefaultHttpResponse(decodeResult: success, version: HTTP/1.1)
HTTP/1.1 200 OK
Content-Type: application/json; charset=utf-8
cache-control: no-cache
content-length: 260912

19:33:45.398 [AsyncHttpClient-1-2] DEBUG org.asynchttpclient.netty.channel.ChannelManager - Adding key: http://localhost:36597 for channel [id: 0xf849d4e1, L:/127.0.0.1:35382 - R:localhost/127.0.0.1:36597]
19:33:45.427 [main] DEBUG net.serenitybdd.core.photography.Darkroom - Send negative for processing for target/site/serenity/c245cc09897551d7eaba9ba36af78089db3f3d7a654a52f398c3f5d7e3956649.png
19:33:45.428 [Darkroom Processing Line] DEBUG net.serenitybdd.core.photography.DarkroomProcessingLine - Processing screenshot image in /var/screenshots/screenshot-8005334319950254553
19:33:45.428 [Darkroom Processing Line] DEBUG net.serenitybdd.core.photography.DarkroomProcessingLine - Saving screenshot to target/site/serenity/c245cc09897551d7eaba9ba36af78089db3f3d7a654a52f398c3f5d7e3956649.png
19:33:45.428 [main] DEBUG net.thucydides.core.steps.StepInterceptor - STEP DONE: headerMuncul
19:33:45.440 [main] DEBUG net.thucydides.core.steps.StepInterceptor - STARTING STEP: LoginSteps.iDirectedToLoginPage - headerLoginText
19:33:45.446 [Forwarding findElement on session 30608243568114043ce11e18f5e2de0a to remote] DEBUG org.asynchttpclient.netty.request.NettyRequestSender - Using pooled Channel '[id: 0xf849d4e1, L:/127.0.0.1:35382 - R:localhost/127.0.0.1:36597]' for 'POST' to 'http://localhost:36597/session/30608243568114043ce11e18f5e2de0a/element'
19:33:45.446 [Forwarding findElement on session 30608243568114043ce11e18f5e2de0a to remote] DEBUG org.asynchttpclient.netty.request.NettyRequestSender - Using open Channel [id: 0xf849d4e1, L:/127.0.0.1:35382 - R:localhost/127.0.0.1:36597] for POST '/session/30608243568114043ce11e18f5e2de0a/element'
19:33:45.462 [AsyncHttpClient-1-2] DEBUG org.asynchttpclient.netty.handler.HttpHandler - 

Request DefaultHttpRequest(decodeResult: success, version: HTTP/1.1)
POST /session/30608243568114043ce11e18f5e2de0a/element HTTP/1.1
User-Agent: selenium/4.1.2 (java unix)
Content-Length: 102
Content-Type: application/json; charset=utf-8
host: localhost:36597
accept: */*

Response DefaultHttpResponse(decodeResult: success, version: HTTP/1.1)
HTTP/1.1 200 OK
Content-Type: application/json; charset=utf-8
cache-control: no-cache
content-length: 88

19:33:45.463 [AsyncHttpClient-1-2] DEBUG org.asynchttpclient.netty.channel.ChannelManager - Adding key: http://localhost:36597 for channel [id: 0xf849d4e1, L:/127.0.0.1:35382 - R:localhost/127.0.0.1:36597]
19:33:45.468 [Forwarding getElementText on session 30608243568114043ce11e18f5e2de0a to remote] DEBUG org.asynchttpclient.netty.request.NettyRequestSender - Using pooled Channel '[id: 0xf849d4e1, L:/127.0.0.1:35382 - R:localhost/127.0.0.1:36597]' for 'GET' to 'http://localhost:36597/session/30608243568114043ce11e18f5e2de0a/element/98f4eaa0-8b70-476b-b792-c34b0bff539a/text'
19:33:45.468 [Forwarding getElementText on session 30608243568114043ce11e18f5e2de0a to remote] DEBUG org.asynchttpclient.netty.request.NettyRequestSender - Using open Channel [id: 0xf849d4e1, L:/127.0.0.1:35382 - R:localhost/127.0.0.1:36597] for GET '/session/30608243568114043ce11e18f5e2de0a/element/98f4eaa0-8b70-476b-b792-c34b0bff539a/text'
19:33:45.494 [AsyncHttpClient-1-2] DEBUG org.asynchttpclient.netty.handler.HttpHandler - 

Request DefaultFullHttpRequest(decodeResult: success, version: HTTP/1.1, content: EmptyByteBufBE)
GET /session/30608243568114043ce11e18f5e2de0a/element/98f4eaa0-8b70-476b-b792-c34b0bff539a/text HTTP/1.1
User-Agent: selenium/4.1.2 (java unix)
Cache-Control: no-cache
Content-Type: application/json; charset=utf-8
host: localhost:36597
accept: */*

Response DefaultHttpResponse(decodeResult: success, version: HTTP/1.1)
HTTP/1.1 200 OK
Content-Type: application/json; charset=utf-8
cache-control: no-cache
content-length: 17

19:33:45.494 [AsyncHttpClient-1-2] DEBUG org.asynchttpclient.netty.channel.ChannelManager - Adding key: http://localhost:36597 for channel [id: 0xf849d4e1, L:/127.0.0.1:35382 - R:localhost/127.0.0.1:36597]
19:33:45.505 [Forwarding screenshot on session 30608243568114043ce11e18f5e2de0a to remote] DEBUG org.asynchttpclient.netty.request.NettyRequestSender - Using pooled Channel '[id: 0xf849d4e1, L:/127.0.0.1:35382 - R:localhost/127.0.0.1:36597]' for 'GET' to 'http://localhost:36597/session/30608243568114043ce11e18f5e2de0a/screenshot'
19:33:45.505 [Forwarding screenshot on session 30608243568114043ce11e18f5e2de0a to remote] DEBUG org.asynchttpclient.netty.request.NettyRequestSender - Using open Channel [id: 0xf849d4e1, L:/127.0.0.1:35382 - R:localhost/127.0.0.1:36597] for GET '/session/30608243568114043ce11e18f5e2de0a/screenshot'
19:33:45.699 [AsyncHttpClient-1-2] DEBUG org.asynchttpclient.netty.handler.HttpHandler - 

Request DefaultFullHttpRequest(decodeResult: success, version: HTTP/1.1, content: EmptyByteBufBE)
GET /session/30608243568114043ce11e18f5e2de0a/screenshot HTTP/1.1
User-Agent: selenium/4.1.2 (java unix)
Cache-Control: no-cache
Content-Type: application/json; charset=utf-8
host: localhost:36597
accept: */*

Response DefaultHttpResponse(decodeResult: success, version: HTTP/1.1)
HTTP/1.1 200 OK
Content-Type: application/json; charset=utf-8
cache-control: no-cache
content-length: 260912

19:33:45.701 [AsyncHttpClient-1-2] DEBUG org.asynchttpclient.netty.channel.ChannelManager - Adding key: http://localhost:36597 for channel [id: 0xf849d4e1, L:/127.0.0.1:35382 - R:localhost/127.0.0.1:36597]
19:33:45.716 [main] DEBUG net.serenitybdd.core.photography.Darkroom - Send negative for processing for target/site/serenity/c245cc09897551d7eaba9ba36af78089db3f3d7a654a52f398c3f5d7e3956649.png
19:33:45.717 [main] DEBUG net.thucydides.core.steps.StepInterceptor - STEP DONE: headerLoginText
  &amp#27;[32mAnd &amp#27;[0m&amp#27;[32mI directed to login page&amp#27;[0m            &amp#27;[90m# demoQa.stepsDefinition.LoginSteps.iDirectedToLoginPage()&amp#27;[0m
19:33:45.742 [main] DEBUG net.thucydides.core.steps.StepInterceptor - STARTING STEP: LoginSteps.iInputValidUsername - inputUsername
19:33:45.748 [Forwarding findElement on session 30608243568114043ce11e18f5e2de0a to remote] DEBUG org.asynchttpclient.netty.request.NettyRequestSender - Using pooled Channel '[id: 0xf849d4e1, L:/127.0.0.1:35382 - R:localhost/127.0.0.1:36597]' for 'POST' to 'http://localhost:36597/session/30608243568114043ce11e18f5e2de0a/element'
19:33:45.749 [Forwarding findElement on session 30608243568114043ce11e18f5e2de0a to remote] DEBUG org.asynchttpclient.netty.request.NettyRequestSender - Using open Channel [id: 0xf849d4e1, L:/127.0.0.1:35382 - R:localhost/127.0.0.1:36597] for POST '/session/30608243568114043ce11e18f5e2de0a/element'
19:33:45.770 [AsyncHttpClient-1-2] DEBUG org.asynchttpclient.netty.handler.HttpHandler - 

Request DefaultHttpRequest(decodeResult: success, version: HTTP/1.1)
POST /session/30608243568114043ce11e18f5e2de0a/element HTTP/1.1
User-Agent: selenium/4.1.2 (java unix)
Content-Length: 53
Content-Type: application/json; charset=utf-8
host: localhost:36597
accept: */*

Response DefaultHttpResponse(decodeResult: success, version: HTTP/1.1)
HTTP/1.1 200 OK
Content-Type: application/json; charset=utf-8
cache-control: no-cache
content-length: 88

19:33:45.770 [AsyncHttpClient-1-2] DEBUG org.asynchttpclient.netty.channel.ChannelManager - Adding key: http://localhost:36597 for channel [id: 0xf849d4e1, L:/127.0.0.1:35382 - R:localhost/127.0.0.1:36597]
19:33:45.772 [Forwarding clearElement on session 30608243568114043ce11e18f5e2de0a to remote] DEBUG org.asynchttpclient.netty.request.NettyRequestSender - Using pooled Channel '[id: 0xf849d4e1, L:/127.0.0.1:35382 - R:localhost/127.0.0.1:36597]' for 'POST' to 'http://localhost:36597/session/30608243568114043ce11e18f5e2de0a/element/4707adbd-922d-4e28-92d7-0161f152e38c/clear'
19:33:45.773 [Forwarding clearElement on session 30608243568114043ce11e18f5e2de0a to remote] DEBUG org.asynchttpclient.netty.request.NettyRequestSender - Using open Channel [id: 0xf849d4e1, L:/127.0.0.1:35382 - R:localhost/127.0.0.1:36597] for POST '/session/30608243568114043ce11e18f5e2de0a/element/4707adbd-922d-4e28-92d7-0161f152e38c/clear'
19:33:45.819 [AsyncHttpClient-1-2] DEBUG org.asynchttpclient.netty.handler.HttpHandler - 

Request DefaultHttpRequest(decodeResult: success, version: HTTP/1.1)
POST /session/30608243568114043ce11e18f5e2de0a/element/4707adbd-922d-4e28-92d7-0161f152e38c/clear HTTP/1.1
User-Agent: selenium/4.1.2 (java unix)
Content-Length: 50
Content-Type: application/json; charset=utf-8
host: localhost:36597
accept: */*

Response DefaultHttpResponse(decodeResult: success, version: HTTP/1.1)
HTTP/1.1 200 OK
Content-Type: application/json; charset=utf-8
cache-control: no-cache
content-length: 14

19:33:45.819 [AsyncHttpClient-1-2] DEBUG org.asynchttpclient.netty.channel.ChannelManager - Adding key: http://localhost:36597 for channel [id: 0xf849d4e1, L:/127.0.0.1:35382 - R:localhost/127.0.0.1:36597]
19:33:45.822 [Forwarding sendKeysToElement on session 30608243568114043ce11e18f5e2de0a to remote] DEBUG org.asynchttpclient.netty.request.NettyRequestSender - Using pooled Channel '[id: 0xf849d4e1, L:/127.0.0.1:35382 - R:localhost/127.0.0.1:36597]' for 'POST' to 'http://localhost:36597/session/30608243568114043ce11e18f5e2de0a/element/4707adbd-922d-4e28-92d7-0161f152e38c/value'
19:33:45.822 [Forwarding sendKeysToElement on session 30608243568114043ce11e18f5e2de0a to remote] DEBUG org.asynchttpclient.netty.request.NettyRequestSender - Using open Channel [id: 0xf849d4e1, L:/127.0.0.1:35382 - R:localhost/127.0.0.1:36597] for POST '/session/30608243568114043ce11e18f5e2de0a/element/4707adbd-922d-4e28-92d7-0161f152e38c/value'
19:33:45.942 [AsyncHttpClient-1-1] DEBUG org.asynchttpclient.netty.channel.DefaultChannelPool - Entry count for : http://localhost:45969 : 1
19:33:45.962 [AsyncHttpClient-1-2] DEBUG org.asynchttpclient.netty.handler.HttpHandler - 

Request DefaultHttpRequest(decodeResult: success, version: HTTP/1.1)
POST /session/30608243568114043ce11e18f5e2de0a/element/4707adbd-922d-4e28-92d7-0161f152e38c/value HTTP/1.1
User-Agent: selenium/4.1.2 (java unix)
Content-Length: 141
Content-Type: application/json; charset=utf-8
host: localhost:36597
accept: */*

Response DefaultHttpResponse(decodeResult: success, version: HTTP/1.1)
HTTP/1.1 200 OK
Content-Type: application/json; charset=utf-8
cache-control: no-cache
content-length: 14

19:33:45.963 [AsyncHttpClient-1-2] DEBUG org.asynchttpclient.netty.channel.ChannelManager - Adding key: http://localhost:36597 for channel [id: 0xf849d4e1, L:/127.0.0.1:35382 - R:localhost/127.0.0.1:36597]
19:33:45.979 [Forwarding screenshot on session 30608243568114043ce11e18f5e2de0a to remote] DEBUG org.asynchttpclient.netty.request.NettyRequestSender - Using pooled Channel '[id: 0xf849d4e1, L:/127.0.0.1:35382 - R:localhost/127.0.0.1:36597]' for 'GET' to 'http://localhost:36597/session/30608243568114043ce11e18f5e2de0a/screenshot'
19:33:45.979 [Forwarding screenshot on session 30608243568114043ce11e18f5e2de0a to remote] DEBUG org.asynchttpclient.netty.request.NettyRequestSender - Using open Channel [id: 0xf849d4e1, L:/127.0.0.1:35382 - R:localhost/127.0.0.1:36597] for GET '/session/30608243568114043ce11e18f5e2de0a/screenshot'
19:33:46.207 [AsyncHttpClient-1-2] DEBUG org.asynchttpclient.netty.handler.HttpHandler - 

Request DefaultFullHttpRequest(decodeResult: success, version: HTTP/1.1, content: EmptyByteBufBE)
GET /session/30608243568114043ce11e18f5e2de0a/screenshot HTTP/1.1
User-Agent: selenium/4.1.2 (java unix)
Cache-Control: no-cache
Content-Type: application/json; charset=utf-8
host: localhost:36597
accept: */*

Response DefaultHttpResponse(decodeResult: success, version: HTTP/1.1)
HTTP/1.1 200 OK
Content-Type: application/json; charset=utf-8
cache-control: no-cache
content-length: 251060

19:33:46.209 [AsyncHttpClient-1-2] DEBUG org.asynchttpclient.netty.channel.ChannelManager - Adding key: http://localhost:36597 for channel [id: 0xf849d4e1, L:/127.0.0.1:35382 - R:localhost/127.0.0.1:36597]
19:33:46.220 [main] DEBUG net.serenitybdd.core.photography.Darkroom - Send negative for processing for target/site/serenity/677cb6eead1c30eeafa8202de408095fe9fd503f4d0d20722303c7024634b3e7.png
19:33:46.221 [Darkroom Processing Line] DEBUG net.serenitybdd.core.photography.DarkroomProcessingLine - Processing screenshot image in /var/screenshots/screenshot-5674518451956644550
19:33:46.221 [main] DEBUG net.thucydides.core.steps.StepInterceptor - STEP DONE: inputUsername
19:33:46.221 [Darkroom Processing Line] DEBUG net.serenitybdd.core.photography.DarkroomProcessingLine - Saving screenshot to target/site/serenity/677cb6eead1c30eeafa8202de408095fe9fd503f4d0d20722303c7024634b3e7.png
  &amp#27;[32mAnd &amp#27;[0m&amp#27;[32mI input valid username&amp#27;[0m              &amp#27;[90m# demoQa.stepsDefinition.LoginSteps.iInputValidUsername()&amp#27;[0m
19:33:46.243 [main] DEBUG net.thucydides.core.steps.StepInterceptor - STARTING STEP: LoginSteps.iInputInvalidPassword - inputPassword
19:33:46.247 [Forwarding findElement on session 30608243568114043ce11e18f5e2de0a to remote] DEBUG org.asynchttpclient.netty.request.NettyRequestSender - Using pooled Channel '[id: 0xf849d4e1, L:/127.0.0.1:35382 - R:localhost/127.0.0.1:36597]' for 'POST' to 'http://localhost:36597/session/30608243568114043ce11e18f5e2de0a/element'
19:33:46.247 [Forwarding findElement on session 30608243568114043ce11e18f5e2de0a to remote] DEBUG org.asynchttpclient.netty.request.NettyRequestSender - Using open Channel [id: 0xf849d4e1, L:/127.0.0.1:35382 - R:localhost/127.0.0.1:36597] for POST '/session/30608243568114043ce11e18f5e2de0a/element'
19:33:46.265 [AsyncHttpClient-1-2] DEBUG org.asynchttpclient.netty.handler.HttpHandler - 

Request DefaultHttpRequest(decodeResult: success, version: HTTP/1.1)
POST /session/30608243568114043ce11e18f5e2de0a/element HTTP/1.1
User-Agent: selenium/4.1.2 (java unix)
Content-Length: 53
Content-Type: application/json; charset=utf-8
host: localhost:36597
accept: */*

Response DefaultHttpResponse(decodeResult: success, version: HTTP/1.1)
HTTP/1.1 200 OK
Content-Type: application/json; charset=utf-8
cache-control: no-cache
content-length: 88

19:33:46.265 [AsyncHttpClient-1-2] DEBUG org.asynchttpclient.netty.channel.ChannelManager - Adding key: http://localhost:36597 for channel [id: 0xf849d4e1, L:/127.0.0.1:35382 - R:localhost/127.0.0.1:36597]
19:33:46.267 [Forwarding clearElement on session 30608243568114043ce11e18f5e2de0a to remote] DEBUG org.asynchttpclient.netty.request.NettyRequestSender - Using pooled Channel '[id: 0xf849d4e1, L:/127.0.0.1:35382 - R:localhost/127.0.0.1:36597]' for 'POST' to 'http://localhost:36597/session/30608243568114043ce11e18f5e2de0a/element/4952f8b7-557d-4ed6-890c-12438df11543/clear'
19:33:46.267 [Forwarding clearElement on session 30608243568114043ce11e18f5e2de0a to remote] DEBUG org.asynchttpclient.netty.request.NettyRequestSender - Using open Channel [id: 0xf849d4e1, L:/127.0.0.1:35382 - R:localhost/127.0.0.1:36597] for POST '/session/30608243568114043ce11e18f5e2de0a/element/4952f8b7-557d-4ed6-890c-12438df11543/clear'
19:33:46.312 [AsyncHttpClient-1-2] DEBUG org.asynchttpclient.netty.handler.HttpHandler - 

Request DefaultHttpRequest(decodeResult: success, version: HTTP/1.1)
POST /session/30608243568114043ce11e18f5e2de0a/element/4952f8b7-557d-4ed6-890c-12438df11543/clear HTTP/1.1
User-Agent: selenium/4.1.2 (java unix)
Content-Length: 50
Content-Type: application/json; charset=utf-8
host: localhost:36597
accept: */*

Response DefaultHttpResponse(decodeResult: success, version: HTTP/1.1)
HTTP/1.1 200 OK
Content-Type: application/json; charset=utf-8
cache-control: no-cache
content-length: 14

19:33:46.313 [AsyncHttpClient-1-2] DEBUG org.asynchttpclient.netty.channel.ChannelManager - Adding key: http://localhost:36597 for channel [id: 0xf849d4e1, L:/127.0.0.1:35382 - R:localhost/127.0.0.1:36597]
19:33:46.317 [Forwarding sendKeysToElement on session 30608243568114043ce11e18f5e2de0a to remote] DEBUG org.asynchttpclient.netty.request.NettyRequestSender - Using pooled Channel '[id: 0xf849d4e1, L:/127.0.0.1:35382 - R:localhost/127.0.0.1:36597]' for 'POST' to 'http://localhost:36597/session/30608243568114043ce11e18f5e2de0a/element/4952f8b7-557d-4ed6-890c-12438df11543/value'
19:33:46.318 [Forwarding sendKeysToElement on session 30608243568114043ce11e18f5e2de0a to remote] DEBUG org.asynchttpclient.netty.request.NettyRequestSender - Using open Channel [id: 0xf849d4e1, L:/127.0.0.1:35382 - R:localhost/127.0.0.1:36597] for POST '/session/30608243568114043ce11e18f5e2de0a/element/4952f8b7-557d-4ed6-890c-12438df11543/value'
19:33:46.413 [AsyncHttpClient-1-2] DEBUG org.asynchttpclient.netty.handler.HttpHandler - 

Request DefaultHttpRequest(decodeResult: success, version: HTTP/1.1)
POST /session/30608243568114043ce11e18f5e2de0a/element/4952f8b7-557d-4ed6-890c-12438df11543/value HTTP/1.1
User-Agent: selenium/4.1.2 (java unix)
Content-Length: 171
Content-Type: application/json; charset=utf-8
host: localhost:36597
accept: */*

Response DefaultHttpResponse(decodeResult: success, version: HTTP/1.1)
HTTP/1.1 200 OK
Content-Type: application/json; charset=utf-8
cache-control: no-cache
content-length: 14

19:33:46.413 [AsyncHttpClient-1-2] DEBUG org.asynchttpclient.netty.channel.ChannelManager - Adding key: http://localhost:36597 for channel [id: 0xf849d4e1, L:/127.0.0.1:35382 - R:localhost/127.0.0.1:36597]
19:33:46.445 [Forwarding screenshot on session 30608243568114043ce11e18f5e2de0a to remote] DEBUG org.asynchttpclient.netty.request.NettyRequestSender - Using pooled Channel '[id: 0xf849d4e1, L:/127.0.0.1:35382 - R:localhost/127.0.0.1:36597]' for 'GET' to 'http://localhost:36597/session/30608243568114043ce11e18f5e2de0a/screenshot'
19:33:46.446 [Forwarding screenshot on session 30608243568114043ce11e18f5e2de0a to remote] DEBUG org.asynchttpclient.netty.request.NettyRequestSender - Using open Channel [id: 0xf849d4e1, L:/127.0.0.1:35382 - R:localhost/127.0.0.1:36597] for GET '/session/30608243568114043ce11e18f5e2de0a/screenshot'
19:33:46.717 [AsyncHttpClient-1-2] DEBUG org.asynchttpclient.netty.handler.HttpHandler - 

Request DefaultFullHttpRequest(decodeResult: success, version: HTTP/1.1, content: EmptyByteBufBE)
GET /session/30608243568114043ce11e18f5e2de0a/screenshot HTTP/1.1
User-Agent: selenium/4.1.2 (java unix)
Cache-Control: no-cache
Content-Type: application/json; charset=utf-8
host: localhost:36597
accept: */*

Response DefaultHttpResponse(decodeResult: success, version: HTTP/1.1)
HTTP/1.1 200 OK
Content-Type: application/json; charset=utf-8
cache-control: no-cache
content-length: 249240

19:33:46.720 [AsyncHttpClient-1-2] DEBUG org.asynchttpclient.netty.channel.ChannelManager - Adding key: http://localhost:36597 for channel [id: 0xf849d4e1, L:/127.0.0.1:35382 - R:localhost/127.0.0.1:36597]
19:33:46.735 [main] DEBUG net.serenitybdd.core.photography.Darkroom - Send negative for processing for target/site/serenity/68c9604ee196ba5c3882ef7b7de971f8ea413874d2199cb991bae166b0537d4c.png
19:33:46.736 [Darkroom Processing Line] DEBUG net.serenitybdd.core.photography.DarkroomProcessingLine - Processing screenshot image in /var/screenshots/screenshot-5179759897123702748
19:33:46.736 [main] DEBUG net.thucydides.core.steps.StepInterceptor - STEP DONE: inputPassword
19:33:46.736 [Darkroom Processing Line] DEBUG net.serenitybdd.core.photography.DarkroomProcessingLine - Saving screenshot to target/site/serenity/68c9604ee196ba5c3882ef7b7de971f8ea413874d2199cb991bae166b0537d4c.png
  &amp#27;[32mAnd &amp#27;[0m&amp#27;[32mI input invalid password&amp#27;[0m            &amp#27;[90m# demoQa.stepsDefinition.LoginSteps.iInputInvalidPassword()&amp#27;[0m
19:33:46.765 [main] DEBUG net.thucydides.core.steps.StepInterceptor - STARTING STEP: LoginSteps.iClickLoginButton - clickLoginButton
19:33:46.772 [Forwarding findElement on session 30608243568114043ce11e18f5e2de0a to remote] DEBUG org.asynchttpclient.netty.request.NettyRequestSender - Using pooled Channel '[id: 0xf849d4e1, L:/127.0.0.1:35382 - R:localhost/127.0.0.1:36597]' for 'POST' to 'http://localhost:36597/session/30608243568114043ce11e18f5e2de0a/element'
19:33:46.773 [Forwarding findElement on session 30608243568114043ce11e18f5e2de0a to remote] DEBUG org.asynchttpclient.netty.request.NettyRequestSender - Using open Channel [id: 0xf849d4e1, L:/127.0.0.1:35382 - R:localhost/127.0.0.1:36597] for POST '/session/30608243568114043ce11e18f5e2de0a/element'
19:33:46.787 [AsyncHttpClient-1-2] DEBUG org.asynchttpclient.netty.handler.HttpHandler - 

Request DefaultHttpRequest(decodeResult: success, version: HTTP/1.1)
POST /session/30608243568114043ce11e18f5e2de0a/element HTTP/1.1
User-Agent: selenium/4.1.2 (java unix)
Content-Length: 50
Content-Type: application/json; charset=utf-8
host: localhost:36597
accept: */*

Response DefaultHttpResponse(decodeResult: success, version: HTTP/1.1)
HTTP/1.1 200 OK
Content-Type: application/json; charset=utf-8
cache-control: no-cache
content-length: 88

19:33:46.787 [AsyncHttpClient-1-2] DEBUG org.asynchttpclient.netty.channel.ChannelManager - Adding key: http://localhost:36597 for channel [id: 0xf849d4e1, L:/127.0.0.1:35382 - R:localhost/127.0.0.1:36597]
19:33:46.789 [Forwarding getElementTagName on session 30608243568114043ce11e18f5e2de0a to remote] DEBUG org.asynchttpclient.netty.request.NettyRequestSender - Using pooled Channel '[id: 0xf849d4e1, L:/127.0.0.1:35382 - R:localhost/127.0.0.1:36597]' for 'GET' to 'http://localhost:36597/session/30608243568114043ce11e18f5e2de0a/element/70db1a2e-b69d-4962-90e2-420608457cf0/name'
19:33:46.789 [Forwarding getElementTagName on session 30608243568114043ce11e18f5e2de0a to remote] DEBUG org.asynchttpclient.netty.request.NettyRequestSender - Using open Channel [id: 0xf849d4e1, L:/127.0.0.1:35382 - R:localhost/127.0.0.1:36597] for GET '/session/30608243568114043ce11e18f5e2de0a/element/70db1a2e-b69d-4962-90e2-420608457cf0/name'
19:33:46.793 [AsyncHttpClient-1-2] DEBUG org.asynchttpclient.netty.handler.HttpHandler - 

Request DefaultFullHttpRequest(decodeResult: success, version: HTTP/1.1, content: EmptyByteBufBE)
GET /session/30608243568114043ce11e18f5e2de0a/element/70db1a2e-b69d-4962-90e2-420608457cf0/name HTTP/1.1
User-Agent: selenium/4.1.2 (java unix)
Cache-Control: no-cache
Content-Type: application/json; charset=utf-8
host: localhost:36597
accept: */*

Response DefaultHttpResponse(decodeResult: success, version: HTTP/1.1)
HTTP/1.1 200 OK
Content-Type: application/json; charset=utf-8
cache-control: no-cache
content-length: 18

19:33:46.794 [AsyncHttpClient-1-2] DEBUG org.asynchttpclient.netty.channel.ChannelManager - Adding key: http://localhost:36597 for channel [id: 0xf849d4e1, L:/127.0.0.1:35382 - R:localhost/127.0.0.1:36597]
19:33:46.799 [Forwarding getElementTagName on session 30608243568114043ce11e18f5e2de0a to remote] DEBUG org.asynchttpclient.netty.request.NettyRequestSender - Using pooled Channel '[id: 0xf849d4e1, L:/127.0.0.1:35382 - R:localhost/127.0.0.1:36597]' for 'GET' to 'http://localhost:36597/session/30608243568114043ce11e18f5e2de0a/element/70db1a2e-b69d-4962-90e2-420608457cf0/name'
19:33:46.799 [Forwarding getElementTagName on session 30608243568114043ce11e18f5e2de0a to remote] DEBUG org.asynchttpclient.netty.request.NettyRequestSender - Using open Channel [id: 0xf849d4e1, L:/127.0.0.1:35382 - R:localhost/127.0.0.1:36597] for GET '/session/30608243568114043ce11e18f5e2de0a/element/70db1a2e-b69d-4962-90e2-420608457cf0/name'
19:33:46.806 [AsyncHttpClient-1-2] DEBUG org.asynchttpclient.netty.handler.HttpHandler - 

Request DefaultFullHttpRequest(decodeResult: success, version: HTTP/1.1, content: EmptyByteBufBE)
GET /session/30608243568114043ce11e18f5e2de0a/element/70db1a2e-b69d-4962-90e2-420608457cf0/name HTTP/1.1
User-Agent: selenium/4.1.2 (java unix)
Cache-Control: no-cache
Content-Type: application/json; charset=utf-8
host: localhost:36597
accept: */*

Response DefaultHttpResponse(decodeResult: success, version: HTTP/1.1)
HTTP/1.1 200 OK
Content-Type: application/json; charset=utf-8
cache-control: no-cache
content-length: 18

19:33:46.806 [AsyncHttpClient-1-2] DEBUG org.asynchttpclient.netty.channel.ChannelManager - Adding key: http://localhost:36597 for channel [id: 0xf849d4e1, L:/127.0.0.1:35382 - R:localhost/127.0.0.1:36597]
19:33:46.810 [Forwarding isElementEnabled on session 30608243568114043ce11e18f5e2de0a to remote] DEBUG org.asynchttpclient.netty.request.NettyRequestSender - Using pooled Channel '[id: 0xf849d4e1, L:/127.0.0.1:35382 - R:localhost/127.0.0.1:36597]' for 'GET' to 'http://localhost:36597/session/30608243568114043ce11e18f5e2de0a/element/70db1a2e-b69d-4962-90e2-420608457cf0/enabled'
19:33:46.810 [Forwarding isElementEnabled on session 30608243568114043ce11e18f5e2de0a to remote] DEBUG org.asynchttpclient.netty.request.NettyRequestSender - Using open Channel [id: 0xf849d4e1, L:/127.0.0.1:35382 - R:localhost/127.0.0.1:36597] for GET '/session/30608243568114043ce11e18f5e2de0a/element/70db1a2e-b69d-4962-90e2-420608457cf0/enabled'
19:33:46.825 [AsyncHttpClient-1-2] DEBUG org.asynchttpclient.netty.handler.HttpHandler - 

Request DefaultFullHttpRequest(decodeResult: success, version: HTTP/1.1, content: EmptyByteBufBE)
GET /session/30608243568114043ce11e18f5e2de0a/element/70db1a2e-b69d-4962-90e2-420608457cf0/enabled HTTP/1.1
User-Agent: selenium/4.1.2 (java unix)
Cache-Control: no-cache
Content-Type: application/json; charset=utf-8
host: localhost:36597
accept: */*

Response DefaultHttpResponse(decodeResult: success, version: HTTP/1.1)
HTTP/1.1 200 OK
Content-Type: application/json; charset=utf-8
cache-control: no-cache
content-length: 14

19:33:46.825 [AsyncHttpClient-1-2] DEBUG org.asynchttpclient.netty.channel.ChannelManager - Adding key: http://localhost:36597 for channel [id: 0xf849d4e1, L:/127.0.0.1:35382 - R:localhost/127.0.0.1:36597]
19:33:46.829 [Forwarding isElementEnabled on session 30608243568114043ce11e18f5e2de0a to remote] DEBUG org.asynchttpclient.netty.request.NettyRequestSender - Using pooled Channel '[id: 0xf849d4e1, L:/127.0.0.1:35382 - R:localhost/127.0.0.1:36597]' for 'GET' to 'http://localhost:36597/session/30608243568114043ce11e18f5e2de0a/element/70db1a2e-b69d-4962-90e2-420608457cf0/enabled'
19:33:46.829 [Forwarding isElementEnabled on session 30608243568114043ce11e18f5e2de0a to remote] DEBUG org.asynchttpclient.netty.request.NettyRequestSender - Using open Channel [id: 0xf849d4e1, L:/127.0.0.1:35382 - R:localhost/127.0.0.1:36597] for GET '/session/30608243568114043ce11e18f5e2de0a/element/70db1a2e-b69d-4962-90e2-420608457cf0/enabled'
19:33:46.845 [AsyncHttpClient-1-2] DEBUG org.asynchttpclient.netty.handler.HttpHandler - 

Request DefaultFullHttpRequest(decodeResult: success, version: HTTP/1.1, content: EmptyByteBufBE)
GET /session/30608243568114043ce11e18f5e2de0a/element/70db1a2e-b69d-4962-90e2-420608457cf0/enabled HTTP/1.1
User-Agent: selenium/4.1.2 (java unix)
Cache-Control: no-cache
Content-Type: application/json; charset=utf-8
host: localhost:36597
accept: */*

Response DefaultHttpResponse(decodeResult: success, version: HTTP/1.1)
HTTP/1.1 200 OK
Content-Type: application/json; charset=utf-8
cache-control: no-cache
content-length: 14

19:33:46.845 [AsyncHttpClient-1-2] DEBUG org.asynchttpclient.netty.channel.ChannelManager - Adding key: http://localhost:36597 for channel [id: 0xf849d4e1, L:/127.0.0.1:35382 - R:localhost/127.0.0.1:36597]
19:33:46.851 [Forwarding findElement on session 30608243568114043ce11e18f5e2de0a to remote] DEBUG org.asynchttpclient.netty.request.NettyRequestSender - Using pooled Channel '[id: 0xf849d4e1, L:/127.0.0.1:35382 - R:localhost/127.0.0.1:36597]' for 'POST' to 'http://localhost:36597/session/30608243568114043ce11e18f5e2de0a/element'
19:33:46.851 [Forwarding findElement on session 30608243568114043ce11e18f5e2de0a to remote] DEBUG org.asynchttpclient.netty.request.NettyRequestSender - Using open Channel [id: 0xf849d4e1, L:/127.0.0.1:35382 - R:localhost/127.0.0.1:36597] for POST '/session/30608243568114043ce11e18f5e2de0a/element'
19:33:46.890 [AsyncHttpClient-1-2] DEBUG org.asynchttpclient.netty.handler.HttpHandler - 

Request DefaultHttpRequest(decodeResult: success, version: HTTP/1.1)
POST /session/30608243568114043ce11e18f5e2de0a/element HTTP/1.1
User-Agent: selenium/4.1.2 (java unix)
Content-Length: 50
Content-Type: application/json; charset=utf-8
host: localhost:36597
accept: */*

Response DefaultHttpResponse(decodeResult: success, version: HTTP/1.1)
HTTP/1.1 200 OK
Content-Type: application/json; charset=utf-8
cache-control: no-cache
content-length: 88

19:33:46.890 [AsyncHttpClient-1-2] DEBUG org.asynchttpclient.netty.channel.ChannelManager - Adding key: http://localhost:36597 for channel [id: 0xf849d4e1, L:/127.0.0.1:35382 - R:localhost/127.0.0.1:36597]
19:33:46.898 [Forwarding clickElement on session 30608243568114043ce11e18f5e2de0a to remote] DEBUG org.asynchttpclient.netty.request.NettyRequestSender - Using pooled Channel '[id: 0xf849d4e1, L:/127.0.0.1:35382 - R:localhost/127.0.0.1:36597]' for 'POST' to 'http://localhost:36597/session/30608243568114043ce11e18f5e2de0a/element/70db1a2e-b69d-4962-90e2-420608457cf0/click'
19:33:46.898 [Forwarding clickElement on session 30608243568114043ce11e18f5e2de0a to remote] DEBUG org.asynchttpclient.netty.request.NettyRequestSender - Using open Channel [id: 0xf849d4e1, L:/127.0.0.1:35382 - R:localhost/127.0.0.1:36597] for POST '/session/30608243568114043ce11e18f5e2de0a/element/70db1a2e-b69d-4962-90e2-420608457cf0/click'
19:33:47.046 [AsyncHttpClient-1-1] DEBUG org.asynchttpclient.netty.channel.DefaultChannelPool - Entry count for : http://localhost:45969 : 1
19:33:47.206 [AsyncHttpClient-1-2] DEBUG org.asynchttpclient.netty.handler.HttpHandler - 

Request DefaultHttpRequest(decodeResult: success, version: HTTP/1.1)
POST /session/30608243568114043ce11e18f5e2de0a/element/70db1a2e-b69d-4962-90e2-420608457cf0/click HTTP/1.1
User-Agent: selenium/4.1.2 (java unix)
Content-Length: 50
Content-Type: application/json; charset=utf-8
host: localhost:36597
accept: */*

Response DefaultHttpResponse(decodeResult: success, version: HTTP/1.1)
HTTP/1.1 200 OK
Content-Type: application/json; charset=utf-8
cache-control: no-cache
content-length: 14

19:33:47.207 [AsyncHttpClient-1-2] DEBUG org.asynchttpclient.netty.channel.ChannelManager - Adding key: http://localhost:36597 for channel [id: 0xf849d4e1, L:/127.0.0.1:35382 - R:localhost/127.0.0.1:36597]
19:33:47.256 [Forwarding screenshot on session 30608243568114043ce11e18f5e2de0a to remote] DEBUG org.asynchttpclient.netty.request.NettyRequestSender - Using pooled Channel '[id: 0xf849d4e1, L:/127.0.0.1:35382 - R:localhost/127.0.0.1:36597]' for 'GET' to 'http://localhost:36597/session/30608243568114043ce11e18f5e2de0a/screenshot'
19:33:47.256 [Forwarding screenshot on session 30608243568114043ce11e18f5e2de0a to remote] DEBUG org.asynchttpclient.netty.request.NettyRequestSender - Using open Channel [id: 0xf849d4e1, L:/127.0.0.1:35382 - R:localhost/127.0.0.1:36597] for GET '/session/30608243568114043ce11e18f5e2de0a/screenshot'
19:33:47.499 [AsyncHttpClient-1-2] DEBUG org.asynchttpclient.netty.handler.HttpHandler - 

Request DefaultFullHttpRequest(decodeResult: success, version: HTTP/1.1, content: EmptyByteBufBE)
GET /session/30608243568114043ce11e18f5e2de0a/screenshot HTTP/1.1
User-Agent: selenium/4.1.2 (java unix)
Cache-Control: no-cache
Content-Type: application/json; charset=utf-8
host: localhost:36597
accept: */*

Response DefaultHttpResponse(decodeResult: success, version: HTTP/1.1)
HTTP/1.1 200 OK
Content-Type: application/json; charset=utf-8
cache-control: no-cache
content-length: 239772

19:33:47.502 [AsyncHttpClient-1-2] DEBUG org.asynchttpclient.netty.channel.ChannelManager - Adding key: http://localhost:36597 for channel [id: 0xf849d4e1, L:/127.0.0.1:35382 - R:localhost/127.0.0.1:36597]
19:33:47.519 [main] DEBUG net.serenitybdd.core.photography.Darkroom - Send negative for processing for target/site/serenity/1264e3a5f425415faf6bc8ee447a74d4427e5414548a85e360862af96b0c3e26.png
19:33:47.519 [Darkroom Processing Line] DEBUG net.serenitybdd.core.photography.DarkroomProcessingLine - Processing screenshot image in /var/screenshots/screenshot-4491574645344953095
19:33:47.519 [main] DEBUG net.thucydides.core.steps.StepInterceptor - STEP DONE: clickLoginButton
19:33:47.519 [Darkroom Processing Line] DEBUG net.serenitybdd.core.photography.DarkroomProcessingLine - Saving screenshot to target/site/serenity/1264e3a5f425415faf6bc8ee447a74d4427e5414548a85e360862af96b0c3e26.png
  &amp#27;[32mAnd &amp#27;[0m&amp#27;[32mI click login button&amp#27;[0m                &amp#27;[90m# demoQa.stepsDefinition.LoginSteps.iClickLoginButton()&amp#27;[0m
19:33:47.538 [main] DEBUG net.thucydides.core.steps.StepInterceptor - STARTING STEP: LoginSteps.showValidationInvalidPassword - errorMessageMuncul
19:33:47.541 [Forwarding findElement on session 30608243568114043ce11e18f5e2de0a to remote] DEBUG org.asynchttpclient.netty.request.NettyRequestSender - Using pooled Channel '[id: 0xf849d4e1, L:/127.0.0.1:35382 - R:localhost/127.0.0.1:36597]' for 'POST' to 'http://localhost:36597/session/30608243568114043ce11e18f5e2de0a/element'
19:33:47.542 [Forwarding findElement on session 30608243568114043ce11e18f5e2de0a to remote] DEBUG org.asynchttpclient.netty.request.NettyRequestSender - Using open Channel [id: 0xf849d4e1, L:/127.0.0.1:35382 - R:localhost/127.0.0.1:36597] for POST '/session/30608243568114043ce11e18f5e2de0a/element'
19:33:47.560 [AsyncHttpClient-1-2] DEBUG org.asynchttpclient.netty.handler.HttpHandler - 

Request DefaultHttpRequest(decodeResult: success, version: HTTP/1.1)
POST /session/30608243568114043ce11e18f5e2de0a/element HTTP/1.1
User-Agent: selenium/4.1.2 (java unix)
Content-Length: 64
Content-Type: application/json; charset=utf-8
host: localhost:36597
accept: */*

Response DefaultHttpResponse(decodeResult: success, version: HTTP/1.1)
HTTP/1.1 200 OK
Content-Type: application/json; charset=utf-8
cache-control: no-cache
content-length: 88

19:33:47.560 [AsyncHttpClient-1-2] DEBUG org.asynchttpclient.netty.channel.ChannelManager - Adding key: http://localhost:36597 for channel [id: 0xf849d4e1, L:/127.0.0.1:35382 - R:localhost/127.0.0.1:36597]
19:33:47.566 [Forwarding isElementDisplayed on session 30608243568114043ce11e18f5e2de0a to remote] DEBUG org.asynchttpclient.netty.request.NettyRequestSender - Using pooled Channel '[id: 0xf849d4e1, L:/127.0.0.1:35382 - R:localhost/127.0.0.1:36597]' for 'POST' to 'http://localhost:36597/session/30608243568114043ce11e18f5e2de0a/execute/sync'
19:33:47.566 [Forwarding isElementDisplayed on session 30608243568114043ce11e18f5e2de0a to remote] DEBUG org.asynchttpclient.netty.request.NettyRequestSender - Using open Channel [id: 0xf849d4e1, L:/127.0.0.1:35382 - R:localhost/127.0.0.1:36597] for POST '/session/30608243568114043ce11e18f5e2de0a/execute/sync'
19:33:47.585 [AsyncHttpClient-1-2] DEBUG org.asynchttpclient.netty.handler.HttpHandler - 

Request DefaultHttpRequest(decodeResult: success, version: HTTP/1.1)
POST /session/30608243568114043ce11e18f5e2de0a/execute/sync HTTP/1.1
User-Agent: selenium/4.1.2 (java unix)
Content-Length: 48780
Content-Type: application/json; charset=utf-8
host: localhost:36597
accept: */*

Response DefaultHttpResponse(decodeResult: success, version: HTTP/1.1)
HTTP/1.1 200 OK
Content-Type: application/json; charset=utf-8
cache-control: no-cache
content-length: 14

19:33:47.585 [AsyncHttpClient-1-2] DEBUG org.asynchttpclient.netty.channel.ChannelManager - Adding key: http://localhost:36597 for channel [id: 0xf849d4e1, L:/127.0.0.1:35382 - R:localhost/127.0.0.1:36597]
19:33:47.591 [Forwarding screenshot on session 30608243568114043ce11e18f5e2de0a to remote] DEBUG org.asynchttpclient.netty.request.NettyRequestSender - Using pooled Channel '[id: 0xf849d4e1, L:/127.0.0.1:35382 - R:localhost/127.0.0.1:36597]' for 'GET' to 'http://localhost:36597/session/30608243568114043ce11e18f5e2de0a/screenshot'
19:33:47.591 [Forwarding screenshot on session 30608243568114043ce11e18f5e2de0a to remote] DEBUG org.asynchttpclient.netty.request.NettyRequestSender - Using open Channel [id: 0xf849d4e1, L:/127.0.0.1:35382 - R:localhost/127.0.0.1:36597] for GET '/session/30608243568114043ce11e18f5e2de0a/screenshot'
19:33:47.788 [AsyncHttpClient-1-2] DEBUG org.asynchttpclient.netty.handler.HttpHandler - 

Request DefaultFullHttpRequest(decodeResult: success, version: HTTP/1.1, content: EmptyByteBufBE)
GET /session/30608243568114043ce11e18f5e2de0a/screenshot HTTP/1.1
User-Agent: selenium/4.1.2 (java unix)
Cache-Control: no-cache
Content-Type: application/json; charset=utf-8
host: localhost:36597
accept: */*

Response DefaultHttpResponse(decodeResult: success, version: HTTP/1.1)
HTTP/1.1 200 OK
Content-Type: application/json; charset=utf-8
cache-control: no-cache
content-length: 262700

19:33:47.791 [AsyncHttpClient-1-2] DEBUG org.asynchttpclient.netty.channel.ChannelManager - Adding key: http://localhost:36597 for channel [id: 0xf849d4e1, L:/127.0.0.1:35382 - R:localhost/127.0.0.1:36597]
19:33:47.806 [main] DEBUG net.serenitybdd.core.photography.Darkroom - Send negative for processing for target/site/serenity/a58b563bada0e3492536be99462941356014e653ab78b7a902997858fa263cd6.png
19:33:47.806 [Darkroom Processing Line] DEBUG net.serenitybdd.core.photography.DarkroomProcessingLine - Processing screenshot image in /var/screenshots/screenshot-6256787076088362749
19:33:47.806 [main] DEBUG net.thucydides.core.steps.StepInterceptor - STEP DONE: errorMessageMuncul
19:33:47.806 [Darkroom Processing Line] DEBUG net.serenitybdd.core.photography.DarkroomProcessingLine - Saving screenshot to target/site/serenity/a58b563bada0e3492536be99462941356014e653ab78b7a902997858fa263cd6.png
19:33:47.817 [main] DEBUG net.thucydides.core.steps.StepInterceptor - STARTING STEP: LoginSteps.showValidationInvalidPassword - errorMessageEquals
19:33:47.820 [Forwarding findElement on session 30608243568114043ce11e18f5e2de0a to remote] DEBUG org.asynchttpclient.netty.request.NettyRequestSender - Using pooled Channel '[id: 0xf849d4e1, L:/127.0.0.1:35382 - R:localhost/127.0.0.1:36597]' for 'POST' to 'http://localhost:36597/session/30608243568114043ce11e18f5e2de0a/element'
19:33:47.820 [Forwarding findElement on session 30608243568114043ce11e18f5e2de0a to remote] DEBUG org.asynchttpclient.netty.request.NettyRequestSender - Using open Channel [id: 0xf849d4e1, L:/127.0.0.1:35382 - R:localhost/127.0.0.1:36597] for POST '/session/30608243568114043ce11e18f5e2de0a/element'
19:33:47.829 [AsyncHttpClient-1-2] DEBUG org.asynchttpclient.netty.handler.HttpHandler - 

Request DefaultHttpRequest(decodeResult: success, version: HTTP/1.1)
POST /session/30608243568114043ce11e18f5e2de0a/element HTTP/1.1
User-Agent: selenium/4.1.2 (java unix)
Content-Length: 64
Content-Type: application/json; charset=utf-8
host: localhost:36597
accept: */*

Response DefaultHttpResponse(decodeResult: success, version: HTTP/1.1)
HTTP/1.1 200 OK
Content-Type: application/json; charset=utf-8
cache-control: no-cache
content-length: 88

19:33:47.830 [AsyncHttpClient-1-2] DEBUG org.asynchttpclient.netty.channel.ChannelManager - Adding key: http://localhost:36597 for channel [id: 0xf849d4e1, L:/127.0.0.1:35382 - R:localhost/127.0.0.1:36597]
19:33:47.832 [Forwarding getElementText on session 30608243568114043ce11e18f5e2de0a to remote] DEBUG org.asynchttpclient.netty.request.NettyRequestSender - Using pooled Channel '[id: 0xf849d4e1, L:/127.0.0.1:35382 - R:localhost/127.0.0.1:36597]' for 'GET' to 'http://localhost:36597/session/30608243568114043ce11e18f5e2de0a/element/2d5d951f-cfcf-430f-b911-5497c2792fa9/text'
19:33:47.832 [Forwarding getElementText on session 30608243568114043ce11e18f5e2de0a to remote] DEBUG org.asynchttpclient.netty.request.NettyRequestSender - Using open Channel [id: 0xf849d4e1, L:/127.0.0.1:35382 - R:localhost/127.0.0.1:36597] for GET '/session/30608243568114043ce11e18f5e2de0a/element/2d5d951f-cfcf-430f-b911-5497c2792fa9/text'
19:33:47.848 [AsyncHttpClient-1-2] DEBUG org.asynchttpclient.netty.handler.HttpHandler - 

Request DefaultFullHttpRequest(decodeResult: success, version: HTTP/1.1, content: EmptyByteBufBE)
GET /session/30608243568114043ce11e18f5e2de0a/element/2d5d951f-cfcf-430f-b911-5497c2792fa9/text HTTP/1.1
User-Agent: selenium/4.1.2 (java unix)
Cache-Control: no-cache
Content-Type: application/json; charset=utf-8
host: localhost:36597
accept: */*

Response DefaultHttpResponse(decodeResult: success, version: HTTP/1.1)
HTTP/1.1 200 OK
Content-Type: application/json; charset=utf-8
cache-control: no-cache
content-length: 41

19:33:47.849 [AsyncHttpClient-1-2] DEBUG org.asynchttpclient.netty.channel.ChannelManager - Adding key: http://localhost:36597 for channel [id: 0xf849d4e1, L:/127.0.0.1:35382 - R:localhost/127.0.0.1:36597]
19:33:47.854 [main] DEBUG net.thucydides.core.steps.StepInterceptor - STEP DONE: errorMessageEquals
  &amp#27;[32mThen &amp#27;[0m&amp#27;[32mshow validation invalid password&amp#27;[0m   &amp#27;[90m# demoQa.stepsDefinition.LoginSteps.showValidationInvalidPassword()&amp#27;[0m
19:33:47.861 [Forwarding screenshot on session 30608243568114043ce11e18f5e2de0a to remote] DEBUG org.asynchttpclient.netty.request.NettyRequestSender - Using pooled Channel '[id: 0xf849d4e1, L:/127.0.0.1:35382 - R:localhost/127.0.0.1:36597]' for 'GET' to 'http://localhost:36597/session/30608243568114043ce11e18f5e2de0a/screenshot'
19:33:47.862 [Forwarding screenshot on session 30608243568114043ce11e18f5e2de0a to remote] DEBUG org.asynchttpclient.netty.request.NettyRequestSender - Using open Channel [id: 0xf849d4e1, L:/127.0.0.1:35382 - R:localhost/127.0.0.1:36597] for GET '/session/30608243568114043ce11e18f5e2de0a/screenshot'
19:33:48.030 [AsyncHttpClient-1-2] DEBUG org.asynchttpclient.netty.handler.HttpHandler - 

Request DefaultFullHttpRequest(decodeResult: success, version: HTTP/1.1, content: EmptyByteBufBE)
GET /session/30608243568114043ce11e18f5e2de0a/screenshot HTTP/1.1
User-Agent: selenium/4.1.2 (java unix)
Cache-Control: no-cache
Content-Type: application/json; charset=utf-8
host: localhost:36597
accept: */*

Response DefaultHttpResponse(decodeResult: success, version: HTTP/1.1)
HTTP/1.1 200 OK
Content-Type: application/json; charset=utf-8
cache-control: no-cache
content-length: 262700

19:33:48.035 [AsyncHttpClient-1-2] DEBUG org.asynchttpclient.netty.channel.ChannelManager - Adding key: http://localhost:36597 for channel [id: 0xf849d4e1, L:/127.0.0.1:35382 - R:localhost/127.0.0.1:36597]
19:33:48.051 [main] DEBUG net.serenitybdd.core.photography.Darkroom - Send negative for processing for target/site/serenity/a58b563bada0e3492536be99462941356014e653ab78b7a902997858fa263cd6.png
19:33:48.057 [main] INFO  - 
  _____   ___   ___   _____     ___     _     ___   ___   ___   ___  
 |_   _| | __| / __| |_   _|   | _ \   /_\   / __| / __| | __| |   \ 
   | |   | _|  \__ \   | |     |  _/  / _ \  \__ \ \__ \ | _|  | |) |
   |_|   |___| |___/   |_|     |_|   /_/ \_\ |___/ |___/ |___| |___/ 

As a user I can't login to demo
----------------------------------------------------------------------
19:33:48.142 [AsyncHttpClient-1-1] DEBUG org.asynchttpclient.netty.channel.DefaultChannelPool - Entry count for : http://localhost:36597 : 1
19:33:48.142 [AsyncHttpClient-1-1] DEBUG org.asynchttpclient.netty.channel.DefaultChannelPool - Entry count for : http://localhost:45969 : 1
19:33:48.205 [Driver Command Executor] DEBUG org.asynchttpclient.netty.request.NettyRequestSender - Using pooled Channel '[id: 0xf849d4e1, L:/127.0.0.1:35382 - R:localhost/127.0.0.1:36597]' for 'DELETE' to 'http://localhost:36597/session/30608243568114043ce11e18f5e2de0a'
19:33:48.205 [Driver Command Executor] DEBUG org.asynchttpclient.netty.request.NettyRequestSender - Using open Channel [id: 0xf849d4e1, L:/127.0.0.1:35382 - R:localhost/127.0.0.1:36597] for DELETE '/session/30608243568114043ce11e18f5e2de0a'
19:33:48.212 [AsyncHttpClient-1-4] DEBUG org.asynchttpclient.netty.handler.WebSocketHandler - Channel Closed: [id: 0x66924308, L:/127.0.0.1:49444 ! R:localhost/127.0.0.1:45969] with attribute NettyResponseFuture{currentRetry=5,
	isDone=1,
	isCancelled=0,
	asyncHandler=org.asynchttpclient.ws.WebSocketUpgradeHandler@78f070c3,
	nettyRequest=org.asynchttpclient.netty.request.NettyRequest@530afdfa,
	future=java.util.concurrent.CompletableFuture@2c5f6f96[Completed normally],
	uri=ws://localhost:45969/devtools/browser/eaa36ded-301e-46b5-a1ee-912156ea6922,
	keepAlive=true,
	redirectCount=0,
	timeoutsHolder=null,
	inAuth=0,
	touch=1648557214567}
19:33:48.212 [AsyncHttpClient-1-4] DEBUG org.asynchttpclient.netty.channel.ChannelManager - Closing Channel [id: 0x66924308, L:/127.0.0.1:49444 ! R:localhost/127.0.0.1:45969] 
19:33:48.214 [AsyncHttpClient-1-3] DEBUG org.asynchttpclient.netty.handler.HttpHandler - Channel Closed: [id: 0x0f261eb0, L:/127.0.0.1:49442 ! R:localhost/127.0.0.1:45969] with attribute DISCARD
19:33:48.260 [AsyncHttpClient-1-2] DEBUG org.asynchttpclient.netty.handler.HttpHandler - 

Request DefaultFullHttpRequest(decodeResult: success, version: HTTP/1.1, content: EmptyByteBufBE)
DELETE /session/30608243568114043ce11e18f5e2de0a HTTP/1.1
User-Agent: selenium/4.1.2 (java unix)
Content-Type: application/json; charset=utf-8
host: localhost:36597
accept: */*

Response DefaultHttpResponse(decodeResult: success, version: HTTP/1.1)
HTTP/1.1 200 OK
Content-Type: application/json; charset=utf-8
cache-control: no-cache
content-length: 14

19:33:48.261 [AsyncHttpClient-1-2] DEBUG org.asynchttpclient.netty.channel.ChannelManager - Adding key: http://localhost:36597 for channel [id: 0xf849d4e1, L:/127.0.0.1:35382 - R:localhost/127.0.0.1:36597]
19:33:48.282 [AsyncHttpClient-1-2] DEBUG org.asynchttpclient.netty.handler.HttpHandler - Channel Closed: [id: 0xf849d4e1, L:/127.0.0.1:35382 ! R:localhost/127.0.0.1:36597] with attribute DISCARD
]]></system-out>
    <system-err><![CDATA[Starting ChromeDriver 99.0.4844.51 (d537ec02474b5afe23684e7963d538896c63ac77-refs/branch-heads/4844@{#875}) on port 36597
Only local connections are allowed.
Please see https://chromedriver.chromium.org/security-considerations for suggestions on keeping ChromeDriver safe.
ChromeDriver was started successfully.
Mar 29, 2022 7:33:34 PM org.openqa.selenium.remote.ProtocolHandshake createSession
INFO: Detected dialect: W3C
Mar 29, 2022 7:33:34 PM org.openqa.selenium.devtools.CdpVersionFinder findNearestMatch
WARNING: Unable to find an exact match for CDP version 99, so returning the closest version found: 97
Mar 29, 2022 7:33:34 PM org.openqa.selenium.devtools.CdpVersionFinder findNearestMatch
INFO: Found CDP implementation for version 99 of 97
]]></system-err>
  </testcase>
</testsuite>